This is pdfTeX, Version 3.14159265-2.6-1.40.21 (TeX Live 2020) (preloaded format=pdflatex 2020.4.7)  3 OCT 2023 13:47
entering extended mode
 restricted \write18 enabled.
 %&-line parsing enabled.
**TPs.tex
(./TPs.tex
LaTeX2e <2020-02-02> patch level 5
L3 programming layer <2020-03-06>
(/usr/local/texlive/2020/texmf-dist/tex/latex/base/article.cls
Document Class: article 2019/12/20 v1.4l Standard LaTeX document class
(/usr/local/texlive/2020/texmf-dist/tex/latex/base/size11.clo
File: size11.clo 2019/12/20 v1.4l Standard LaTeX file (size option)
)
\c@part=\count167
\c@section=\count168
\c@subsection=\count169
\c@subsubsection=\count170
\c@paragraph=\count171
\c@subparagraph=\count172
\c@figure=\count173
\c@table=\count174
\abovecaptionskip=\skip47
\belowcaptionskip=\skip48
\bibindent=\dimen134
)
(/usr/local/texlive/2020/texmf-dist/tex/latex/tcolorbox/tcolorbox.sty
Package: tcolorbox 2019/11/15 version 4.22 text color boxes

(/usr/local/texlive/2020/texmf-dist/tex/latex/pgf/basiclayer/pgf.sty
(/usr/local/texlive/2020/texmf-dist/tex/latex/pgf/utilities/pgfrcs.sty
(/usr/local/texlive/2020/texmf-dist/tex/generic/pgf/utilities/pgfutil-common.te
x
\pgfutil@everybye=\toks15
\pgfutil@tempdima=\dimen135
\pgfutil@tempdimb=\dimen136

(/usr/local/texlive/2020/texmf-dist/tex/generic/pgf/utilities/pgfutil-common-li
sts.tex))
(/usr/local/texlive/2020/texmf-dist/tex/generic/pgf/utilities/pgfutil-latex.def
\pgfutil@abb=\box45
(/usr/local/texlive/2020/texmf-dist/tex/latex/ms/everyshi.sty
Package: everyshi 2001/05/15 v3.00 EveryShipout Package (MS)
))
(/usr/local/texlive/2020/texmf-dist/tex/generic/pgf/utilities/pgfrcs.code.tex
(/usr/local/texlive/2020/texmf-dist/tex/generic/pgf/pgf.revision.tex)
Package: pgfrcs 2020/01/08 v3.1.5b (3.1.5b)
))
Package: pgf 2020/01/08 v3.1.5b (3.1.5b)

(/usr/local/texlive/2020/texmf-dist/tex/latex/pgf/basiclayer/pgfcore.sty
(/usr/local/texlive/2020/texmf-dist/tex/latex/graphics/graphicx.sty
Package: graphicx 2019/11/30 v1.2a Enhanced LaTeX Graphics (DPC,SPQR)

(/usr/local/texlive/2020/texmf-dist/tex/latex/graphics/keyval.sty
Package: keyval 2014/10/28 v1.15 key=value parser (DPC)
\KV@toks@=\toks16
)
(/usr/local/texlive/2020/texmf-dist/tex/latex/graphics/graphics.sty
Package: graphics 2019/11/30 v1.4a Standard LaTeX Graphics (DPC,SPQR)

(/usr/local/texlive/2020/texmf-dist/tex/latex/graphics/trig.sty
Package: trig 2016/01/03 v1.10 sin cos tan (DPC)
)
(/usr/local/texlive/2020/texmf-dist/tex/latex/graphics-cfg/graphics.cfg
File: graphics.cfg 2016/06/04 v1.11 sample graphics configuration
)
Package graphics Info: Driver file: pdftex.def on input line 105.

(/usr/local/texlive/2020/texmf-dist/tex/latex/graphics-def/pdftex.def
File: pdftex.def 2018/01/08 v1.0l Graphics/color driver for pdftex
))
\Gin@req@height=\dimen137
\Gin@req@width=\dimen138
)
(/usr/local/texlive/2020/texmf-dist/tex/latex/pgf/systemlayer/pgfsys.sty
(/usr/local/texlive/2020/texmf-dist/tex/generic/pgf/systemlayer/pgfsys.code.tex
Package: pgfsys 2020/01/08 v3.1.5b (3.1.5b)
(/usr/local/texlive/2020/texmf-dist/tex/generic/pgf/utilities/pgfkeys.code.tex
\pgfkeys@pathtoks=\toks17
\pgfkeys@temptoks=\toks18

(/usr/local/texlive/2020/texmf-dist/tex/generic/pgf/utilities/pgfkeysfiltered.c
ode.tex
\pgfkeys@tmptoks=\toks19
))
\pgf@x=\dimen139
\pgf@y=\dimen140
\pgf@xa=\dimen141
\pgf@ya=\dimen142
\pgf@xb=\dimen143
\pgf@yb=\dimen144
\pgf@xc=\dimen145
\pgf@yc=\dimen146
\pgf@xd=\dimen147
\pgf@yd=\dimen148
\w@pgf@writea=\write3
\r@pgf@reada=\read2
\c@pgf@counta=\count175
\c@pgf@countb=\count176
\c@pgf@countc=\count177
\c@pgf@countd=\count178
\t@pgf@toka=\toks20
\t@pgf@tokb=\toks21
\t@pgf@tokc=\toks22
\pgf@sys@id@count=\count179

(/usr/local/texlive/2020/texmf-dist/tex/generic/pgf/systemlayer/pgf.cfg
File: pgf.cfg 2020/01/08 v3.1.5b (3.1.5b)
)
Driver file for pgf: pgfsys-pdftex.def

(/usr/local/texlive/2020/texmf-dist/tex/generic/pgf/systemlayer/pgfsys-pdftex.d
ef
File: pgfsys-pdftex.def 2020/01/08 v3.1.5b (3.1.5b)

(/usr/local/texlive/2020/texmf-dist/tex/generic/pgf/systemlayer/pgfsys-common-p
df.def
File: pgfsys-common-pdf.def 2020/01/08 v3.1.5b (3.1.5b)
)))
(/usr/local/texlive/2020/texmf-dist/tex/generic/pgf/systemlayer/pgfsyssoftpath.
code.tex
File: pgfsyssoftpath.code.tex 2020/01/08 v3.1.5b (3.1.5b)
\pgfsyssoftpath@smallbuffer@items=\count180
\pgfsyssoftpath@bigbuffer@items=\count181
)
(/usr/local/texlive/2020/texmf-dist/tex/generic/pgf/systemlayer/pgfsysprotocol.
code.tex
File: pgfsysprotocol.code.tex 2020/01/08 v3.1.5b (3.1.5b)
)) (/usr/local/texlive/2020/texmf-dist/tex/latex/xcolor/xcolor.sty
Package: xcolor 2016/05/11 v2.12 LaTeX color extensions (UK)

(/usr/local/texlive/2020/texmf-dist/tex/latex/graphics-cfg/color.cfg
File: color.cfg 2016/01/02 v1.6 sample color configuration
)
Package xcolor Info: Driver file: pdftex.def on input line 225.
Package xcolor Info: Model `cmy' substituted by `cmy0' on input line 1348.
Package xcolor Info: Model `hsb' substituted by `rgb' on input line 1352.
Package xcolor Info: Model `RGB' extended on input line 1364.
Package xcolor Info: Model `HTML' substituted by `rgb' on input line 1366.
Package xcolor Info: Model `Hsb' substituted by `hsb' on input line 1367.
Package xcolor Info: Model `tHsb' substituted by `hsb' on input line 1368.
Package xcolor Info: Model `HSB' substituted by `hsb' on input line 1369.
Package xcolor Info: Model `Gray' substituted by `gray' on input line 1370.
Package xcolor Info: Model `wave' substituted by `hsb' on input line 1371.
)
(/usr/local/texlive/2020/texmf-dist/tex/generic/pgf/basiclayer/pgfcore.code.tex
Package: pgfcore 2020/01/08 v3.1.5b (3.1.5b)
(/usr/local/texlive/2020/texmf-dist/tex/generic/pgf/math/pgfmath.code.tex
(/usr/local/texlive/2020/texmf-dist/tex/generic/pgf/math/pgfmathcalc.code.tex
(/usr/local/texlive/2020/texmf-dist/tex/generic/pgf/math/pgfmathutil.code.tex)
(/usr/local/texlive/2020/texmf-dist/tex/generic/pgf/math/pgfmathparser.code.tex
\pgfmath@dimen=\dimen149
\pgfmath@count=\count182
\pgfmath@box=\box46
\pgfmath@toks=\toks23
\pgfmath@stack@operand=\toks24
\pgfmath@stack@operation=\toks25
)
(/usr/local/texlive/2020/texmf-dist/tex/generic/pgf/math/pgfmathfunctions.code.
tex
(/usr/local/texlive/2020/texmf-dist/tex/generic/pgf/math/pgfmathfunctions.basic
.code.tex)
(/usr/local/texlive/2020/texmf-dist/tex/generic/pgf/math/pgfmathfunctions.trigo
nometric.code.tex)
(/usr/local/texlive/2020/texmf-dist/tex/generic/pgf/math/pgfmathfunctions.rando
m.code.tex)
(/usr/local/texlive/2020/texmf-dist/tex/generic/pgf/math/pgfmathfunctions.compa
rison.code.tex)
(/usr/local/texlive/2020/texmf-dist/tex/generic/pgf/math/pgfmathfunctions.base.
code.tex)
(/usr/local/texlive/2020/texmf-dist/tex/generic/pgf/math/pgfmathfunctions.round
.code.tex)
(/usr/local/texlive/2020/texmf-dist/tex/generic/pgf/math/pgfmathfunctions.misc.
code.tex)
(/usr/local/texlive/2020/texmf-dist/tex/generic/pgf/math/pgfmathfunctions.integ
erarithmetics.code.tex)))
(/usr/local/texlive/2020/texmf-dist/tex/generic/pgf/math/pgfmathfloat.code.tex
\c@pgfmathroundto@lastzeros=\count183
)) (/usr/local/texlive/2020/texmf-dist/tex/generic/pgf/math/pgfint.code.tex)
(/usr/local/texlive/2020/texmf-dist/tex/generic/pgf/basiclayer/pgfcorepoints.co
de.tex
File: pgfcorepoints.code.tex 2020/01/08 v3.1.5b (3.1.5b)
\pgf@picminx=\dimen150
\pgf@picmaxx=\dimen151
\pgf@picminy=\dimen152
\pgf@picmaxy=\dimen153
\pgf@pathminx=\dimen154
\pgf@pathmaxx=\dimen155
\pgf@pathminy=\dimen156
\pgf@pathmaxy=\dimen157
\pgf@xx=\dimen158
\pgf@xy=\dimen159
\pgf@yx=\dimen160
\pgf@yy=\dimen161
\pgf@zx=\dimen162
\pgf@zy=\dimen163
)
(/usr/local/texlive/2020/texmf-dist/tex/generic/pgf/basiclayer/pgfcorepathconst
ruct.code.tex
File: pgfcorepathconstruct.code.tex 2020/01/08 v3.1.5b (3.1.5b)
\pgf@path@lastx=\dimen164
\pgf@path@lasty=\dimen165
)
(/usr/local/texlive/2020/texmf-dist/tex/generic/pgf/basiclayer/pgfcorepathusage
.code.tex
File: pgfcorepathusage.code.tex 2020/01/08 v3.1.5b (3.1.5b)
\pgf@shorten@end@additional=\dimen166
\pgf@shorten@start@additional=\dimen167
)
(/usr/local/texlive/2020/texmf-dist/tex/generic/pgf/basiclayer/pgfcorescopes.co
de.tex
File: pgfcorescopes.code.tex 2020/01/08 v3.1.5b (3.1.5b)
\pgfpic=\box47
\pgf@hbox=\box48
\pgf@layerbox@main=\box49
\pgf@picture@serial@count=\count184
)
(/usr/local/texlive/2020/texmf-dist/tex/generic/pgf/basiclayer/pgfcoregraphicst
ate.code.tex
File: pgfcoregraphicstate.code.tex 2020/01/08 v3.1.5b (3.1.5b)
\pgflinewidth=\dimen168
)
(/usr/local/texlive/2020/texmf-dist/tex/generic/pgf/basiclayer/pgfcoretransform
ations.code.tex
File: pgfcoretransformations.code.tex 2020/01/08 v3.1.5b (3.1.5b)
\pgf@pt@x=\dimen169
\pgf@pt@y=\dimen170
\pgf@pt@temp=\dimen171
)
(/usr/local/texlive/2020/texmf-dist/tex/generic/pgf/basiclayer/pgfcorequick.cod
e.tex
File: pgfcorequick.code.tex 2020/01/08 v3.1.5b (3.1.5b)
)
(/usr/local/texlive/2020/texmf-dist/tex/generic/pgf/basiclayer/pgfcoreobjects.c
ode.tex
File: pgfcoreobjects.code.tex 2020/01/08 v3.1.5b (3.1.5b)
)
(/usr/local/texlive/2020/texmf-dist/tex/generic/pgf/basiclayer/pgfcorepathproce
ssing.code.tex
File: pgfcorepathprocessing.code.tex 2020/01/08 v3.1.5b (3.1.5b)
)
(/usr/local/texlive/2020/texmf-dist/tex/generic/pgf/basiclayer/pgfcorearrows.co
de.tex
File: pgfcorearrows.code.tex 2020/01/08 v3.1.5b (3.1.5b)
\pgfarrowsep=\dimen172
)
(/usr/local/texlive/2020/texmf-dist/tex/generic/pgf/basiclayer/pgfcoreshade.cod
e.tex
File: pgfcoreshade.code.tex 2020/01/08 v3.1.5b (3.1.5b)
\pgf@max=\dimen173
\pgf@sys@shading@range@num=\count185
\pgf@shadingcount=\count186
)
(/usr/local/texlive/2020/texmf-dist/tex/generic/pgf/basiclayer/pgfcoreimage.cod
e.tex
File: pgfcoreimage.code.tex 2020/01/08 v3.1.5b (3.1.5b)

(/usr/local/texlive/2020/texmf-dist/tex/generic/pgf/basiclayer/pgfcoreexternal.
code.tex
File: pgfcoreexternal.code.tex 2020/01/08 v3.1.5b (3.1.5b)
\pgfexternal@startupbox=\box50
))
(/usr/local/texlive/2020/texmf-dist/tex/generic/pgf/basiclayer/pgfcorelayers.co
de.tex
File: pgfcorelayers.code.tex 2020/01/08 v3.1.5b (3.1.5b)
)
(/usr/local/texlive/2020/texmf-dist/tex/generic/pgf/basiclayer/pgfcoretranspare
ncy.code.tex
File: pgfcoretransparency.code.tex 2020/01/08 v3.1.5b (3.1.5b)
)
(/usr/local/texlive/2020/texmf-dist/tex/generic/pgf/basiclayer/pgfcorepatterns.
code.tex
File: pgfcorepatterns.code.tex 2020/01/08 v3.1.5b (3.1.5b)
)
(/usr/local/texlive/2020/texmf-dist/tex/generic/pgf/basiclayer/pgfcorerdf.code.
tex
File: pgfcorerdf.code.tex 2020/01/08 v3.1.5b (3.1.5b)
)))
(/usr/local/texlive/2020/texmf-dist/tex/generic/pgf/modules/pgfmoduleshapes.cod
e.tex
File: pgfmoduleshapes.code.tex 2020/01/08 v3.1.5b (3.1.5b)
\pgfnodeparttextbox=\box51
)
(/usr/local/texlive/2020/texmf-dist/tex/generic/pgf/modules/pgfmoduleplot.code.
tex
File: pgfmoduleplot.code.tex 2020/01/08 v3.1.5b (3.1.5b)
)
(/usr/local/texlive/2020/texmf-dist/tex/latex/pgf/compatibility/pgfcomp-version
-0-65.sty
Package: pgfcomp-version-0-65 2020/01/08 v3.1.5b (3.1.5b)
\pgf@nodesepstart=\dimen174
\pgf@nodesepend=\dimen175
)
(/usr/local/texlive/2020/texmf-dist/tex/latex/pgf/compatibility/pgfcomp-version
-1-18.sty
Package: pgfcomp-version-1-18 2020/01/08 v3.1.5b (3.1.5b)
)) (/usr/local/texlive/2020/texmf-dist/tex/latex/tools/verbatim.sty
Package: verbatim 2019/11/10 v1.5r LaTeX2e package for verbatim enhancements
\every@verbatim=\toks26
\verbatim@line=\toks27
\verbatim@in@stream=\read3
)
(/usr/local/texlive/2020/texmf-dist/tex/latex/environ/environ.sty
Package: environ 2014/05/04 v0.3 A new way to define environments

(/usr/local/texlive/2020/texmf-dist/tex/latex/trimspaces/trimspaces.sty
Package: trimspaces 2009/09/17 v1.1 Trim spaces around a token list
)
\@envbody=\toks28
)
(/usr/local/texlive/2020/texmf-dist/tex/latex/etoolbox/etoolbox.sty
Package: etoolbox 2019/09/21 v2.5h e-TeX tools for LaTeX (JAW)
\etb@tempcnta=\count187
)
\tcb@titlebox=\box52
\tcb@upperbox=\box53
\tcb@lowerbox=\box54
\tcb@phantombox=\box55
\c@tcbbreakpart=\count188
\c@tcblayer=\count189
\tcolorbox@number=\count190
\tcb@temp=\box56
\tcb@temp=\box57
\tcb@temp=\box58
\tcb@temp=\box59
\tcb@out=\write4
\tcb@record@out=\write5

(/usr/local/texlive/2020/texmf-dist/tex/latex/tcolorbox/tcbbreakable.code.tex
Library (tcolorbox): 'tcbbreakable.code.tex' version '4.22'
\tcb@testbox=\box60
\tcb@totalupperbox=\box61
\tcb@totallowerbox=\box62
)) (/usr/local/texlive/2020/texmf-dist/tex/latex/parskip/parskip.sty
Package: parskip 2020-01-22 v2.0d non-zero parskip adjustments

(/usr/local/texlive/2020/texmf-dist/tex/latex/kvoptions/kvoptions.sty
Package: kvoptions 2019/11/29 v3.13 Key value format for package options (HO)

(/usr/local/texlive/2020/texmf-dist/tex/generic/ltxcmds/ltxcmds.sty
Package: ltxcmds 2019/12/15 v1.24 LaTeX kernel commands for general use (HO)
)
(/usr/local/texlive/2020/texmf-dist/tex/generic/kvsetkeys/kvsetkeys.sty
Package: kvsetkeys 2019/12/15 v1.18 Key value parser (HO)
)))
(/usr/local/texlive/2020/texmf-dist/tex/latex/caption/caption.sty
Package: caption 2020/01/03 v3.4h Customizing captions (AR)

(/usr/local/texlive/2020/texmf-dist/tex/latex/caption/caption3.sty
Package: caption3 2020/01/03 v1.8h caption3 kernel (AR)
Package caption3 Info: TeX engine: e-TeX on input line 61.
\captionmargin=\dimen176
\captionmargin@=\dimen177
\captionwidth=\dimen178
\caption@tempdima=\dimen179
\caption@indent=\dimen180
\caption@parindent=\dimen181
\caption@hangindent=\dimen182
Package caption Info: Standard document class detected.
)
\c@caption@flags=\count191
\c@continuedfloat=\count192
)
(/usr/local/texlive/2020/texmf-dist/tex/latex/float/float.sty
Package: float 2001/11/08 v1.3d Float enhancements (AL)
\c@float@type=\count193
\float@exts=\toks29
\float@box=\box63
\@float@everytoks=\toks30
\@floatcapt=\box64
)
(/usr/local/texlive/2020/texmf-dist/tex/latex/tools/enumerate.sty
Package: enumerate 2015/07/23 v3.00 enumerate extensions (DPC)
\@enLab=\toks31
)
(/usr/local/texlive/2020/texmf-dist/tex/latex/geometry/geometry.sty
Package: geometry 2020/01/02 v5.9 Page Geometry

(/usr/local/texlive/2020/texmf-dist/tex/generic/iftex/ifvtex.sty
Package: ifvtex 2019/10/25 v1.7 ifvtex legacy package. Use iftex instead.

(/usr/local/texlive/2020/texmf-dist/tex/generic/iftex/iftex.sty
Package: iftex 2020/03/06 v1.0d TeX engine tests
))
\Gm@cnth=\count194
\Gm@cntv=\count195
\c@Gm@tempcnt=\count196
\Gm@bindingoffset=\dimen183
\Gm@wd@mp=\dimen184
\Gm@odd@mp=\dimen185
\Gm@even@mp=\dimen186
\Gm@layoutwidth=\dimen187
\Gm@layoutheight=\dimen188
\Gm@layouthoffset=\dimen189
\Gm@layoutvoffset=\dimen190
\Gm@dimlist=\toks32
)
(/usr/local/texlive/2020/texmf-dist/tex/latex/amsmath/amsmath.sty
Package: amsmath 2020/01/20 v2.17e AMS math features
\@mathmargin=\skip49

For additional information on amsmath, use the `?' option.
(/usr/local/texlive/2020/texmf-dist/tex/latex/amsmath/amstext.sty
Package: amstext 2000/06/29 v2.01 AMS text

(/usr/local/texlive/2020/texmf-dist/tex/latex/amsmath/amsgen.sty
File: amsgen.sty 1999/11/30 v2.0 generic functions
\@emptytoks=\toks33
\ex@=\dimen191
))
(/usr/local/texlive/2020/texmf-dist/tex/latex/amsmath/amsbsy.sty
Package: amsbsy 1999/11/29 v1.2d Bold Symbols
\pmbraise@=\dimen192
)
(/usr/local/texlive/2020/texmf-dist/tex/latex/amsmath/amsopn.sty
Package: amsopn 2016/03/08 v2.02 operator names
)
\inf@bad=\count197
LaTeX Info: Redefining \frac on input line 227.
\uproot@=\count198
\leftroot@=\count199
LaTeX Info: Redefining \overline on input line 389.
\classnum@=\count266
\DOTSCASE@=\count267
LaTeX Info: Redefining \ldots on input line 486.
LaTeX Info: Redefining \dots on input line 489.
LaTeX Info: Redefining \cdots on input line 610.
\Mathstrutbox@=\box65
\strutbox@=\box66
\big@size=\dimen193
LaTeX Font Info:    Redeclaring font encoding OML on input line 733.
LaTeX Font Info:    Redeclaring font encoding OMS on input line 734.
\macc@depth=\count268
\c@MaxMatrixCols=\count269
\dotsspace@=\muskip16
\c@parentequation=\count270
\dspbrk@lvl=\count271
\tag@help=\toks34
\row@=\count272
\column@=\count273
\maxfields@=\count274
\andhelp@=\toks35
\eqnshift@=\dimen194
\alignsep@=\dimen195
\tagshift@=\dimen196
\tagwidth@=\dimen197
\totwidth@=\dimen198
\lineht@=\dimen199
\@envbody=\toks36
\multlinegap=\skip50
\multlinetaggap=\skip51
\mathdisplay@stack=\toks37
LaTeX Info: Redefining \[ on input line 2859.
LaTeX Info: Redefining \] on input line 2860.
)
(/usr/local/texlive/2020/texmf-dist/tex/latex/amsfonts/amssymb.sty
Package: amssymb 2013/01/14 v3.01 AMS font symbols

(/usr/local/texlive/2020/texmf-dist/tex/latex/amsfonts/amsfonts.sty
Package: amsfonts 2013/01/14 v3.01 Basic AMSFonts support
\symAMSa=\mathgroup4
\symAMSb=\mathgroup5
LaTeX Font Info:    Redeclaring math symbol \hbar on input line 98.
LaTeX Font Info:    Overwriting math alphabet `\mathfrak' in version `bold'
(Font)                  U/euf/m/n --> U/euf/b/n on input line 106.
))
(/usr/local/texlive/2020/texmf-dist/tex/latex/base/textcomp.sty
Package: textcomp 2020/02/02 v2.0n Standard LaTeX package
)
(/usr/local/texlive/2020/texmf-dist/tex/latex/upquote/upquote.sty
Package: upquote 2012/04/19 v1.3 upright-quote and grave-accent glyphs in verba
tim
)
(/usr/local/texlive/2020/texmf-dist/tex/latex/eurosym/eurosym.sty
Package: eurosym 1998/08/06 v1.1 European currency symbol ``Euro''
\@eurobox=\box67
)
(/usr/local/texlive/2020/texmf-dist/tex/latex/base/fontenc.sty
Package: fontenc 2020/02/11 v2.0o Standard LaTeX package
)
(/usr/local/texlive/2020/texmf-dist/tex/latex/greek-fontenc/alphabeta.sty
Package: alphabeta 2020/02/28 v0.14 macros for Greek letters in text and math

(/usr/local/texlive/2020/texmf-dist/tex/latex/greek-fontenc/textalpha.sty
Package: textalpha 2020/02/28 v0.14 macros for Greek letters in text

(/usr/local/texlive/2020/texmf-dist/tex/latex/greek-fontenc/lgrenc.def
File: lgrenc.def 2019/07/09 v0.13.3 LGR Greek font encoding definitions
Now handling font encoding LGR ...
... processing UTF-8 mapping file for font encoding LGR

(/usr/local/texlive/2020/texmf-dist/tex/latex/greek-inputenc/lgrenc.dfu
File: lgrenc.dfu 2019/07/11 1.7 UTF-8 support for Greek
   defining Unicode char U+00A8 (decimal 168)
   defining Unicode char U+00AB (decimal 171)
   defining Unicode char U+00AF (decimal 175)
   defining Unicode char U+00B4 (decimal 180)
   defining Unicode char U+00B7 (decimal 183)
   defining Unicode char U+00BB (decimal 187)
   defining Unicode char U+0259 (decimal 601)
   defining Unicode char U+02D8 (decimal 728)
   defining Unicode char U+0374 (decimal 884)
   defining Unicode char U+0375 (decimal 885)
   defining Unicode char U+037A (decimal 890)
   defining Unicode char U+037E (decimal 894)
   defining Unicode char U+0384 (decimal 900)
   defining Unicode char U+0385 (decimal 901)
   defining Unicode char U+0386 (decimal 902)
   defining Unicode char U+0387 (decimal 903)
   defining Unicode char U+0388 (decimal 904)
   defining Unicode char U+0389 (decimal 905)
   defining Unicode char U+038A (decimal 906)
   defining Unicode char U+038C (decimal 908)
   defining Unicode char U+038E (decimal 910)
   defining Unicode char U+038F (decimal 911)
   defining Unicode char U+0390 (decimal 912)
   defining Unicode char U+0391 (decimal 913)
   defining Unicode char U+0392 (decimal 914)
   defining Unicode char U+0393 (decimal 915)
   defining Unicode char U+0394 (decimal 916)
   defining Unicode char U+0395 (decimal 917)
   defining Unicode char U+0396 (decimal 918)
   defining Unicode char U+0397 (decimal 919)
   defining Unicode char U+0398 (decimal 920)
   defining Unicode char U+0399 (decimal 921)
   defining Unicode char U+039A (decimal 922)
   defining Unicode char U+039B (decimal 923)
   defining Unicode char U+039C (decimal 924)
   defining Unicode char U+039D (decimal 925)
   defining Unicode char U+039E (decimal 926)
   defining Unicode char U+039F (decimal 927)
   defining Unicode char U+03A0 (decimal 928)
   defining Unicode char U+03A1 (decimal 929)
   defining Unicode char U+03A3 (decimal 931)
   defining Unicode char U+03A4 (decimal 932)
   defining Unicode char U+03A5 (decimal 933)
   defining Unicode char U+03A6 (decimal 934)
   defining Unicode char U+03A7 (decimal 935)
   defining Unicode char U+03A8 (decimal 936)
   defining Unicode char U+03A9 (decimal 937)
   defining Unicode char U+03AA (decimal 938)
   defining Unicode char U+03AB (decimal 939)
   defining Unicode char U+03AC (decimal 940)
   defining Unicode char U+03AD (decimal 941)
   defining Unicode char U+03AE (decimal 942)
   defining Unicode char U+03AF (decimal 943)
   defining Unicode char U+03B0 (decimal 944)
   defining Unicode char U+03B1 (decimal 945)
   defining Unicode char U+03B2 (decimal 946)
   defining Unicode char U+03B3 (decimal 947)
   defining Unicode char U+03B4 (decimal 948)
   defining Unicode char U+03B5 (decimal 949)
   defining Unicode char U+03B6 (decimal 950)
   defining Unicode char U+03B7 (decimal 951)
   defining Unicode char U+03B8 (decimal 952)
   defining Unicode char U+03B9 (decimal 953)
   defining Unicode char U+03BA (decimal 954)
   defining Unicode char U+03BB (decimal 955)
   defining Unicode char U+03BC (decimal 956)
   defining Unicode char U+03BD (decimal 957)
   defining Unicode char U+03BE (decimal 958)
   defining Unicode char U+03BF (decimal 959)
   defining Unicode char U+03C0 (decimal 960)
   defining Unicode char U+03C1 (decimal 961)
   defining Unicode char U+03C2 (decimal 962)
   defining Unicode char U+03C3 (decimal 963)
   defining Unicode char U+03C4 (decimal 964)
   defining Unicode char U+03C5 (decimal 965)
   defining Unicode char U+03C6 (decimal 966)
   defining Unicode char U+03C7 (decimal 967)
   defining Unicode char U+03C8 (decimal 968)
   defining Unicode char U+03C9 (decimal 969)
   defining Unicode char U+03CA (decimal 970)
   defining Unicode char U+03CB (decimal 971)
   defining Unicode char U+03CC (decimal 972)
   defining Unicode char U+03CD (decimal 973)
   defining Unicode char U+03CE (decimal 974)
   defining Unicode char U+03D0 (decimal 976)
   defining Unicode char U+03D1 (decimal 977)
   defining Unicode char U+03D5 (decimal 981)
   defining Unicode char U+03D6 (decimal 982)
   defining Unicode char U+03D8 (decimal 984)
   defining Unicode char U+03D9 (decimal 985)
   defining Unicode char U+03DA (decimal 986)
   defining Unicode char U+03DB (decimal 987)
   defining Unicode char U+03DC (decimal 988)
   defining Unicode char U+03DD (decimal 989)
   defining Unicode char U+03DF (decimal 991)
   defining Unicode char U+03E0 (decimal 992)
   defining Unicode char U+03E1 (decimal 993)
   defining Unicode char U+03F0 (decimal 1008)
   defining Unicode char U+03F1 (decimal 1009)
   defining Unicode char U+03F4 (decimal 1012)
   defining Unicode char U+03F5 (decimal 1013)
   defining Unicode char U+1F00 (decimal 7936)
   defining Unicode char U+1F01 (decimal 7937)
   defining Unicode char U+1F02 (decimal 7938)
   defining Unicode char U+1F03 (decimal 7939)
   defining Unicode char U+1F04 (decimal 7940)
   defining Unicode char U+1F05 (decimal 7941)
   defining Unicode char U+1F06 (decimal 7942)
   defining Unicode char U+1F07 (decimal 7943)
   defining Unicode char U+1F08 (decimal 7944)
   defining Unicode char U+1F09 (decimal 7945)
   defining Unicode char U+1F0A (decimal 7946)
   defining Unicode char U+1F0B (decimal 7947)
   defining Unicode char U+1F0C (decimal 7948)
   defining Unicode char U+1F0D (decimal 7949)
   defining Unicode char U+1F0E (decimal 7950)
   defining Unicode char U+1F0F (decimal 7951)
   defining Unicode char U+1F10 (decimal 7952)
   defining Unicode char U+1F11 (decimal 7953)
   defining Unicode char U+1F12 (decimal 7954)
   defining Unicode char U+1F13 (decimal 7955)
   defining Unicode char U+1F14 (decimal 7956)
   defining Unicode char U+1F15 (decimal 7957)
   defining Unicode char U+1F18 (decimal 7960)
   defining Unicode char U+1F19 (decimal 7961)
   defining Unicode char U+1F1A (decimal 7962)
   defining Unicode char U+1F1B (decimal 7963)
   defining Unicode char U+1F1C (decimal 7964)
   defining Unicode char U+1F1D (decimal 7965)
   defining Unicode char U+1F20 (decimal 7968)
   defining Unicode char U+1F21 (decimal 7969)
   defining Unicode char U+1F22 (decimal 7970)
   defining Unicode char U+1F23 (decimal 7971)
   defining Unicode char U+1F24 (decimal 7972)
   defining Unicode char U+1F25 (decimal 7973)
   defining Unicode char U+1F26 (decimal 7974)
   defining Unicode char U+1F27 (decimal 7975)
   defining Unicode char U+1F28 (decimal 7976)
   defining Unicode char U+1F29 (decimal 7977)
   defining Unicode char U+1F2A (decimal 7978)
   defining Unicode char U+1F2B (decimal 7979)
   defining Unicode char U+1F2C (decimal 7980)
   defining Unicode char U+1F2D (decimal 7981)
   defining Unicode char U+1F2E (decimal 7982)
   defining Unicode char U+1F2F (decimal 7983)
   defining Unicode char U+1F30 (decimal 7984)
   defining Unicode char U+1F31 (decimal 7985)
   defining Unicode char U+1F32 (decimal 7986)
   defining Unicode char U+1F33 (decimal 7987)
   defining Unicode char U+1F34 (decimal 7988)
   defining Unicode char U+1F35 (decimal 7989)
   defining Unicode char U+1F36 (decimal 7990)
   defining Unicode char U+1F37 (decimal 7991)
   defining Unicode char U+1F38 (decimal 7992)
   defining Unicode char U+1F39 (decimal 7993)
   defining Unicode char U+1F3A (decimal 7994)
   defining Unicode char U+1F3B (decimal 7995)
   defining Unicode char U+1F3C (decimal 7996)
   defining Unicode char U+1F3D (decimal 7997)
   defining Unicode char U+1F3E (decimal 7998)
   defining Unicode char U+1F3F (decimal 7999)
   defining Unicode char U+1F40 (decimal 8000)
   defining Unicode char U+1F41 (decimal 8001)
   defining Unicode char U+1F42 (decimal 8002)
   defining Unicode char U+1F43 (decimal 8003)
   defining Unicode char U+1F44 (decimal 8004)
   defining Unicode char U+1F45 (decimal 8005)
   defining Unicode char U+1F48 (decimal 8008)
   defining Unicode char U+1F49 (decimal 8009)
   defining Unicode char U+1F4A (decimal 8010)
   defining Unicode char U+1F4B (decimal 8011)
   defining Unicode char U+1F4C (decimal 8012)
   defining Unicode char U+1F4D (decimal 8013)
   defining Unicode char U+1F50 (decimal 8016)
   defining Unicode char U+1F51 (decimal 8017)
   defining Unicode char U+1F52 (decimal 8018)
   defining Unicode char U+1F53 (decimal 8019)
   defining Unicode char U+1F54 (decimal 8020)
   defining Unicode char U+1F55 (decimal 8021)
   defining Unicode char U+1F56 (decimal 8022)
   defining Unicode char U+1F57 (decimal 8023)
   defining Unicode char U+1F59 (decimal 8025)
   defining Unicode char U+1F5B (decimal 8027)
   defining Unicode char U+1F5D (decimal 8029)
   defining Unicode char U+1F5F (decimal 8031)
   defining Unicode char U+1F60 (decimal 8032)
   defining Unicode char U+1F61 (decimal 8033)
   defining Unicode char U+1F62 (decimal 8034)
   defining Unicode char U+1F63 (decimal 8035)
   defining Unicode char U+1F64 (decimal 8036)
   defining Unicode char U+1F65 (decimal 8037)
   defining Unicode char U+1F66 (decimal 8038)
   defining Unicode char U+1F67 (decimal 8039)
   defining Unicode char U+1F68 (decimal 8040)
   defining Unicode char U+1F69 (decimal 8041)
   defining Unicode char U+1F6A (decimal 8042)
   defining Unicode char U+1F6B (decimal 8043)
   defining Unicode char U+1F6C (decimal 8044)
   defining Unicode char U+1F6D (decimal 8045)
   defining Unicode char U+1F6E (decimal 8046)
   defining Unicode char U+1F6F (decimal 8047)
   defining Unicode char U+1F70 (decimal 8048)
   defining Unicode char U+1F71 (decimal 8049)
   defining Unicode char U+1F72 (decimal 8050)
   defining Unicode char U+1F73 (decimal 8051)
   defining Unicode char U+1F74 (decimal 8052)
   defining Unicode char U+1F75 (decimal 8053)
   defining Unicode char U+1F76 (decimal 8054)
   defining Unicode char U+1F77 (decimal 8055)
   defining Unicode char U+1F78 (decimal 8056)
   defining Unicode char U+1F79 (decimal 8057)
   defining Unicode char U+1F7A (decimal 8058)
   defining Unicode char U+1F7B (decimal 8059)
   defining Unicode char U+1F7C (decimal 8060)
   defining Unicode char U+1F7D (decimal 8061)
   defining Unicode char U+1F80 (decimal 8064)
   defining Unicode char U+1F81 (decimal 8065)
   defining Unicode char U+1F82 (decimal 8066)
   defining Unicode char U+1F83 (decimal 8067)
   defining Unicode char U+1F84 (decimal 8068)
   defining Unicode char U+1F85 (decimal 8069)
   defining Unicode char U+1F86 (decimal 8070)
   defining Unicode char U+1F87 (decimal 8071)
   defining Unicode char U+1F88 (decimal 8072)
   defining Unicode char U+1F89 (decimal 8073)
   defining Unicode char U+1F8A (decimal 8074)
   defining Unicode char U+1F8B (decimal 8075)
   defining Unicode char U+1F8C (decimal 8076)
   defining Unicode char U+1F8D (decimal 8077)
   defining Unicode char U+1F8E (decimal 8078)
   defining Unicode char U+1F8F (decimal 8079)
   defining Unicode char U+1F90 (decimal 8080)
   defining Unicode char U+1F91 (decimal 8081)
   defining Unicode char U+1F92 (decimal 8082)
   defining Unicode char U+1F93 (decimal 8083)
   defining Unicode char U+1F94 (decimal 8084)
   defining Unicode char U+1F95 (decimal 8085)
   defining Unicode char U+1F96 (decimal 8086)
   defining Unicode char U+1F97 (decimal 8087)
   defining Unicode char U+1F98 (decimal 8088)
   defining Unicode char U+1F99 (decimal 8089)
   defining Unicode char U+1F9A (decimal 8090)
   defining Unicode char U+1F9B (decimal 8091)
   defining Unicode char U+1F9C (decimal 8092)
   defining Unicode char U+1F9D (decimal 8093)
   defining Unicode char U+1F9E (decimal 8094)
   defining Unicode char U+1F9F (decimal 8095)
   defining Unicode char U+1FA0 (decimal 8096)
   defining Unicode char U+1FA1 (decimal 8097)
   defining Unicode char U+1FA2 (decimal 8098)
   defining Unicode char U+1FA3 (decimal 8099)
   defining Unicode char U+1FA4 (decimal 8100)
   defining Unicode char U+1FA5 (decimal 8101)
   defining Unicode char U+1FA6 (decimal 8102)
   defining Unicode char U+1FA7 (decimal 8103)
   defining Unicode char U+1FA8 (decimal 8104)
   defining Unicode char U+1FA9 (decimal 8105)
   defining Unicode char U+1FAA (decimal 8106)
   defining Unicode char U+1FAB (decimal 8107)
   defining Unicode char U+1FAC (decimal 8108)
   defining Unicode char U+1FAD (decimal 8109)
   defining Unicode char U+1FAE (decimal 8110)
   defining Unicode char U+1FAF (decimal 8111)
   defining Unicode char U+1FB0 (decimal 8112)
   defining Unicode char U+1FB1 (decimal 8113)
   defining Unicode char U+1FB2 (decimal 8114)
   defining Unicode char U+1FB3 (decimal 8115)
   defining Unicode char U+1FB4 (decimal 8116)
   defining Unicode char U+1FB6 (decimal 8118)
   defining Unicode char U+1FB7 (decimal 8119)
   defining Unicode char U+1FB8 (decimal 8120)
   defining Unicode char U+1FB9 (decimal 8121)
   defining Unicode char U+1FBA (decimal 8122)
   defining Unicode char U+1FBB (decimal 8123)
   defining Unicode char U+1FBC (decimal 8124)
   defining Unicode char U+1FBD (decimal 8125)
   defining Unicode char U+1FBE (decimal 8126)
   defining Unicode char U+1FBF (decimal 8127)
   defining Unicode char U+1FC0 (decimal 8128)
   defining Unicode char U+1FC1 (decimal 8129)
   defining Unicode char U+1FC2 (decimal 8130)
   defining Unicode char U+1FC3 (decimal 8131)
   defining Unicode char U+1FC4 (decimal 8132)
   defining Unicode char U+1FC6 (decimal 8134)
   defining Unicode char U+1FC7 (decimal 8135)
   defining Unicode char U+1FC8 (decimal 8136)
   defining Unicode char U+1FC9 (decimal 8137)
   defining Unicode char U+1FCA (decimal 8138)
   defining Unicode char U+1FCB (decimal 8139)
   defining Unicode char U+1FCC (decimal 8140)
   defining Unicode char U+1FCD (decimal 8141)
   defining Unicode char U+1FCE (decimal 8142)
   defining Unicode char U+1FCF (decimal 8143)
   defining Unicode char U+1FD0 (decimal 8144)
   defining Unicode char U+1FD1 (decimal 8145)
   defining Unicode char U+1FD2 (decimal 8146)
   defining Unicode char U+1FD3 (decimal 8147)
   defining Unicode char U+1FD6 (decimal 8150)
   defining Unicode char U+1FD7 (decimal 8151)
   defining Unicode char U+1FD8 (decimal 8152)
   defining Unicode char U+1FD9 (decimal 8153)
   defining Unicode char U+1FDA (decimal 8154)
   defining Unicode char U+1FDB (decimal 8155)
   defining Unicode char U+1FDD (decimal 8157)
   defining Unicode char U+1FDE (decimal 8158)
   defining Unicode char U+1FDF (decimal 8159)
   defining Unicode char U+1FE0 (decimal 8160)
   defining Unicode char U+1FE1 (decimal 8161)
   defining Unicode char U+1FE2 (decimal 8162)
   defining Unicode char U+1FE3 (decimal 8163)
   defining Unicode char U+1FE4 (decimal 8164)
   defining Unicode char U+1FE5 (decimal 8165)
   defining Unicode char U+1FE6 (decimal 8166)
   defining Unicode char U+1FE7 (decimal 8167)
   defining Unicode char U+1FE8 (decimal 8168)
   defining Unicode char U+1FE9 (decimal 8169)
   defining Unicode char U+1FEA (decimal 8170)
   defining Unicode char U+1FEB (decimal 8171)
   defining Unicode char U+1FEC (decimal 8172)
   defining Unicode char U+1FED (decimal 8173)
   defining Unicode char U+1FEE (decimal 8174)
   defining Unicode char U+1FEF (decimal 8175)
   defining Unicode char U+1FF2 (decimal 8178)
   defining Unicode char U+1FF3 (decimal 8179)
   defining Unicode char U+1FF4 (decimal 8180)
   defining Unicode char U+1FF6 (decimal 8182)
   defining Unicode char U+1FF7 (decimal 8183)
   defining Unicode char U+1FF8 (decimal 8184)
   defining Unicode char U+1FF9 (decimal 8185)
   defining Unicode char U+1FFA (decimal 8186)
   defining Unicode char U+1FFB (decimal 8187)
   defining Unicode char U+1FFC (decimal 8188)
   defining Unicode char U+1FFD (decimal 8189)
   defining Unicode char U+1FFE (decimal 8190)
   defining Unicode char U+2013 (decimal 8211)
   defining Unicode char U+2014 (decimal 8212)
   defining Unicode char U+2018 (decimal 8216)
   defining Unicode char U+2019 (decimal 8217)
   defining Unicode char U+201A (decimal 8218)
   defining Unicode char U+2030 (decimal 8240)
   defining Unicode char U+2039 (decimal 8249)
   defining Unicode char U+203A (decimal 8250)
   defining Unicode char U+20AC (decimal 8364)
   defining Unicode char U+2126 (decimal 8486)
   defining Unicode char U+10144 (decimal 65860)
   defining Unicode char U+10145 (decimal 65861)
   defining Unicode char U+10146 (decimal 65862)
   defining Unicode char U+10147 (decimal 65863)
)
(/usr/local/texlive/2020/texmf-dist/tex/latex/greek-fontenc/greek-fontenc.def
File: greek-fontenc.def 2015/08/04 v0.13.4 Common Greek font encoding definitio
ns
)))) (/usr/local/texlive/2020/texmf-dist/tex/latex/fancyvrb/fancyvrb.sty
Package: fancyvrb 2020/01/13 v3.5 verbatim text (tvz,hv)
\FV@CodeLineNo=\count275
\FV@InFile=\read4
\FV@TabBox=\box68
\c@FancyVerbLine=\count276
\FV@StepNumber=\count277
\FV@OutFile=\write6
)
(/usr/local/texlive/2020/texmf-dist/tex/latex/grffile/grffile.sty
Package: grffile 2019/11/11 v2.1 Extended file name support for graphics (legac
y)
Package grffile Info: This package is an empty stub for compatibility on input 
line 40.
)
(/usr/local/texlive/2020/texmf-dist/tex/latex/adjustbox/adjustbox.sty
Package: adjustbox 2019/01/04 v1.2 Adjusting TeX boxes (trim, clip, ...)

(/usr/local/texlive/2020/texmf-dist/tex/latex/xkeyval/xkeyval.sty
Package: xkeyval 2014/12/03 v2.7a package option processing (HA)

(/usr/local/texlive/2020/texmf-dist/tex/generic/xkeyval/xkeyval.tex
(/usr/local/texlive/2020/texmf-dist/tex/generic/xkeyval/xkvutils.tex
\XKV@toks=\toks38
\XKV@tempa@toks=\toks39
)
\XKV@depth=\count278
File: xkeyval.tex 2014/12/03 v2.7a key=value parser (HA)
))
(/usr/local/texlive/2020/texmf-dist/tex/latex/adjustbox/adjcalc.sty
Package: adjcalc 2012/05/16 v1.1 Provides advanced setlength with multiple back
-ends (calc, etex, pgfmath)
)
(/usr/local/texlive/2020/texmf-dist/tex/latex/adjustbox/trimclip.sty
Package: trimclip 2018/04/08 v1.1 Trim and clip general TeX material

(/usr/local/texlive/2020/texmf-dist/tex/latex/collectbox/collectbox.sty
Package: collectbox 2012/05/17 v0.4b Collect macro arguments as boxes
\collectedbox=\box69
)
\tc@llx=\dimen256
\tc@lly=\dimen257
\tc@urx=\dimen258
\tc@ury=\dimen259
Package trimclip Info: Using driver 'tc-pdftex.def'.

(/usr/local/texlive/2020/texmf-dist/tex/latex/adjustbox/tc-pdftex.def
File: tc-pdftex.def 2019/01/04 v2.2 Clipping driver for pdftex
))
\adjbox@Width=\dimen260
\adjbox@Height=\dimen261
\adjbox@Depth=\dimen262
\adjbox@Totalheight=\dimen263
\adjbox@pwidth=\dimen264
\adjbox@pheight=\dimen265
\adjbox@pdepth=\dimen266
\adjbox@ptotalheight=\dimen267

(/usr/local/texlive/2020/texmf-dist/tex/latex/ifoddpage/ifoddpage.sty
Package: ifoddpage 2016/04/23 v1.1 Conditionals for odd/even page detection
\c@checkoddpage=\count279
)
(/usr/local/texlive/2020/texmf-dist/tex/latex/varwidth/varwidth.sty
Package: varwidth 2009/03/30 ver 0.92;  Variable-width minipages
\@vwid@box=\box70
\sift@deathcycles=\count280
\@vwid@loff=\dimen268
\@vwid@roff=\dimen269
))
(/usr/local/texlive/2020/texmf-dist/tex/latex/hyperref/hyperref.sty
Package: hyperref 2020/01/14 v7.00d Hypertext links for LaTeX

(/usr/local/texlive/2020/texmf-dist/tex/latex/pdftexcmds/pdftexcmds.sty
Package: pdftexcmds 2019/11/24 v0.31 Utility functions of pdfTeX for LuaTeX (HO
)

(/usr/local/texlive/2020/texmf-dist/tex/generic/infwarerr/infwarerr.sty
Package: infwarerr 2019/12/03 v1.5 Providing info/warning/error messages (HO)
)
Package pdftexcmds Info: \pdf@primitive is available.
Package pdftexcmds Info: \pdf@ifprimitive is available.
Package pdftexcmds Info: \pdfdraftmode found.
)
(/usr/local/texlive/2020/texmf-dist/tex/generic/kvdefinekeys/kvdefinekeys.sty
Package: kvdefinekeys 2019-12-19 v1.6 Define keys (HO)
)
(/usr/local/texlive/2020/texmf-dist/tex/generic/pdfescape/pdfescape.sty
Package: pdfescape 2019/12/09 v1.15 Implements pdfTeX's escape features (HO)
)
(/usr/local/texlive/2020/texmf-dist/tex/latex/hycolor/hycolor.sty
Package: hycolor 2020-01-27 v1.10 Color options for hyperref/bookmark (HO)
)
(/usr/local/texlive/2020/texmf-dist/tex/latex/letltxmacro/letltxmacro.sty
Package: letltxmacro 2019/12/03 v1.6 Let assignment for LaTeX macros (HO)
)
(/usr/local/texlive/2020/texmf-dist/tex/latex/auxhook/auxhook.sty
Package: auxhook 2019-12-17 v1.6 Hooks for auxiliary files (HO)
)
\@linkdim=\dimen270
\Hy@linkcounter=\count281
\Hy@pagecounter=\count282

(/usr/local/texlive/2020/texmf-dist/tex/latex/hyperref/pd1enc.def
File: pd1enc.def 2020/01/14 v7.00d Hyperref: PDFDocEncoding definition (HO)
Now handling font encoding PD1 ...
... no UTF-8 mapping file for font encoding PD1
)
(/usr/local/texlive/2020/texmf-dist/tex/generic/intcalc/intcalc.sty
Package: intcalc 2019/12/15 v1.3 Expandable calculations with integers (HO)
)
(/usr/local/texlive/2020/texmf-dist/tex/generic/etexcmds/etexcmds.sty
Package: etexcmds 2019/12/15 v1.7 Avoid name clashes with e-TeX commands (HO)
)
\Hy@SavedSpaceFactor=\count283
Package hyperref Info: Hyper figures OFF on input line 4547.
Package hyperref Info: Link nesting OFF on input line 4552.
Package hyperref Info: Hyper index ON on input line 4555.
Package hyperref Info: Plain pages OFF on input line 4562.
Package hyperref Info: Backreferencing OFF on input line 4567.
Package hyperref Info: Implicit mode ON; LaTeX internals redefined.
Package hyperref Info: Bookmarks ON on input line 4800.
\c@Hy@tempcnt=\count284

(/usr/local/texlive/2020/texmf-dist/tex/latex/url/url.sty
\Urlmuskip=\muskip17
Package: url 2013/09/16  ver 3.4  Verb mode for urls, etc.
)
LaTeX Info: Redefining \url on input line 5159.
\XeTeXLinkMargin=\dimen271

(/usr/local/texlive/2020/texmf-dist/tex/generic/bitset/bitset.sty
Package: bitset 2019/12/09 v1.3 Handle bit-vector datatype (HO)

(/usr/local/texlive/2020/texmf-dist/tex/generic/bigintcalc/bigintcalc.sty
Package: bigintcalc 2019/12/15 v1.5 Expandable calculations on big integers (HO
)
))
\Fld@menulength=\count285
\Field@Width=\dimen272
\Fld@charsize=\dimen273
Package hyperref Info: Hyper figures OFF on input line 6430.
Package hyperref Info: Link nesting OFF on input line 6435.
Package hyperref Info: Hyper index ON on input line 6438.
Package hyperref Info: backreferencing OFF on input line 6445.
Package hyperref Info: Link coloring OFF on input line 6450.
Package hyperref Info: Link coloring with OCG OFF on input line 6455.
Package hyperref Info: PDF/A mode OFF on input line 6460.
LaTeX Info: Redefining \ref on input line 6500.
LaTeX Info: Redefining \pageref on input line 6504.

(/usr/local/texlive/2020/texmf-dist/tex/generic/atbegshi/atbegshi.sty
Package: atbegshi 2019/12/05 v1.19 At begin shipout hook (HO)
)
\Hy@abspage=\count286
\c@Item=\count287
\c@Hfootnote=\count288
)
Package hyperref Info: Driver (autodetected): hpdftex.

(/usr/local/texlive/2020/texmf-dist/tex/latex/hyperref/hpdftex.def
File: hpdftex.def 2020/01/14 v7.00d Hyperref driver for pdfTeX

(/usr/local/texlive/2020/texmf-dist/tex/latex/atveryend/atveryend.sty
Package: atveryend 2019-12-11 v1.11 Hooks at the very end of document (HO)
)
\Fld@listcount=\count289
\c@bookmark@seq@number=\count290

(/usr/local/texlive/2020/texmf-dist/tex/latex/rerunfilecheck/rerunfilecheck.sty
Package: rerunfilecheck 2019/12/05 v1.9 Rerun checks for auxiliary files (HO)

(/usr/local/texlive/2020/texmf-dist/tex/generic/uniquecounter/uniquecounter.sty
Package: uniquecounter 2019/12/15 v1.4 Provide unlimited unique counter (HO)
)
Package uniquecounter Info: New unique counter `rerunfilecheck' on input line 2
86.
)
\Hy@SectionHShift=\skip52
) (/usr/local/texlive/2020/texmf-dist/tex/latex/titling/titling.sty
Package: titling 2009/09/04 v2.1d maketitle typesetting
\thanksmarkwidth=\skip53
\thanksmargin=\skip54
\droptitle=\skip55
)
(/usr/local/texlive/2020/texmf-dist/tex/latex/tools/longtable.sty
Package: longtable 2020/01/07 v4.13 Multi-page Table package (DPC)
\LTleft=\skip56
\LTright=\skip57
\LTpre=\skip58
\LTpost=\skip59
\LTchunksize=\count291
\LTcapwidth=\dimen274
\LT@head=\box71
\LT@firsthead=\box72
\LT@foot=\box73
\LT@lastfoot=\box74
\LT@cols=\count292
\LT@rows=\count293
\c@LT@tables=\count294
\c@LT@chunks=\count295
\LT@p@ftn=\toks40
)
(/usr/local/texlive/2020/texmf-dist/tex/latex/booktabs/booktabs.sty
Package: booktabs 2020/01/12 v1.61803398 Publication quality tables
\heavyrulewidth=\dimen275
\lightrulewidth=\dimen276
\cmidrulewidth=\dimen277
\belowrulesep=\dimen278
\belowbottomsep=\dimen279
\aboverulesep=\dimen280
\abovetopsep=\dimen281
\cmidrulesep=\dimen282
\cmidrulekern=\dimen283
\defaultaddspace=\dimen284
\@cmidla=\count296
\@cmidlb=\count297
\@aboverulesep=\dimen285
\@belowrulesep=\dimen286
\@thisruleclass=\count298
\@lastruleclass=\count299
\@thisrulewidth=\dimen287
)
(/usr/local/texlive/2020/texmf-dist/tex/latex/tools/array.sty
Package: array 2019/08/31 v2.4l Tabular extension package (FMi)
\col@sep=\dimen288
\ar@mcellbox=\box75
\extrarowheight=\dimen289
\NC@list=\toks41
\extratabsurround=\skip60
\backup@length=\skip61
\ar@cellbox=\box76
)
(/usr/local/texlive/2020/texmf-dist/tex/latex/tools/calc.sty
Package: calc 2017/05/25 v4.3 Infix arithmetic (KKT,FJ)
\calc@Acount=\count300
\calc@Bcount=\count301
\calc@Adimen=\dimen290
\calc@Bdimen=\dimen291
\calc@Askip=\skip62
\calc@Bskip=\skip63
LaTeX Info: Redefining \setlength on input line 80.
LaTeX Info: Redefining \addtolength on input line 81.
\calc@Ccount=\count302
\calc@Cskip=\skip64
)
(/usr/local/texlive/2020/texmf-dist/tex/latex/enumitem/enumitem.sty
Package: enumitem 2019/06/20 v3.9 Customized lists
\labelindent=\skip65
\enit@outerparindent=\dimen292
\enit@toks=\toks42
\enit@inbox=\box77
\enit@count@id=\count303
\enitdp@description=\count304
)
(/usr/local/texlive/2020/texmf-dist/tex/generic/ulem/ulem.sty
\UL@box=\box78
\UL@hyphenbox=\box79
\UL@skip=\skip66
\UL@hook=\toks43
\UL@height=\dimen293
\UL@pe=\count305
\UL@pixel=\dimen294
\ULC@box=\box80
Package: ulem 2019/11/18
\ULdepth=\dimen295
)
(/usr/local/texlive/2020/texmf-dist/tex/latex/jknapltx/mathrsfs.sty
Package: mathrsfs 1996/01/01 Math RSFS package v1.0 (jk)
\symrsfs=\mathgroup6
)
\Wrappedcontinuationbox=\box81
\Wrappedvisiblespacebox=\box82
Package hyperref Info: Option `breaklinks' set `true' on input line 377.
Package hyperref Info: Option `colorlinks' set `true' on input line 377.

(/usr/local/texlive/2020/texmf-dist/tex/latex/l3backend/l3backend-pdfmode.def
File: l3backend-pdfmode.def 2020-03-12 L3 backend support: PDF mode
\l__kernel_color_stack_int=\count306
\l__pdf_internal_box=\box83
)
(./TPs.aux

LaTeX Warning: Label `exercice' multiply defined.


LaTeX Warning: Label `exercices' multiply defined.


LaTeX Warning: Label `exercices' multiply defined.


LaTeX Warning: Label `exercices' multiply defined.


LaTeX Warning: Label `exercice' multiply defined.


LaTeX Warning: Label `exercices' multiply defined.

)
\openout1 = `TPs.aux'.

LaTeX Font Info:    Checking defaults for OML/cmm/m/it on input line 384.
LaTeX Font Info:    ... okay on input line 384.
LaTeX Font Info:    Checking defaults for OMS/cmsy/m/n on input line 384.
LaTeX Font Info:    ... okay on input line 384.
LaTeX Font Info:    Checking defaults for OT1/cmr/m/n on input line 384.
LaTeX Font Info:    ... okay on input line 384.
LaTeX Font Info:    Checking defaults for T1/cmr/m/n on input line 384.
LaTeX Font Info:    ... okay on input line 384.
LaTeX Font Info:    Checking defaults for TS1/cmr/m/n on input line 384.
LaTeX Font Info:    ... okay on input line 384.
LaTeX Font Info:    Checking defaults for OMX/cmex/m/n on input line 384.
LaTeX Font Info:    ... okay on input line 384.
LaTeX Font Info:    Checking defaults for U/cmr/m/n on input line 384.
LaTeX Font Info:    ... okay on input line 384.
LaTeX Font Info:    Checking defaults for LGR/cmr/m/n on input line 384.
LaTeX Font Info:    Trying to load font information for LGR+cmr on input line 3
84.
 (/usr/local/texlive/2020/texmf-dist/tex/latex/cbfonts-fd/lgrcmr.fd
File: lgrcmr.fd 2017/07/29 v1.2 Greek European Computer Regular
)
LaTeX Font Info:    ... okay on input line 384.
LaTeX Font Info:    Checking defaults for PD1/pdf/m/n on input line 384.
LaTeX Font Info:    ... okay on input line 384.

ABD: EveryShipout initializing macros
(/usr/local/texlive/2020/texmf-dist/tex/context/base/mkii/supp-pdf.mkii
[Loading MPS to PDF converter (version 2006.09.02).]
\scratchcounter=\count307
\scratchdimen=\dimen296
\scratchbox=\box84
\nofMPsegments=\count308
\nofMParguments=\count309
\everyMPshowfont=\toks44
\MPscratchCnt=\count310
\MPscratchDim=\dimen297
\MPnumerator=\count311
\makeMPintoPDFobject=\count312
\everyMPtoPDFconversion=\toks45
) (/usr/local/texlive/2020/texmf-dist/tex/latex/epstopdf-pkg/epstopdf-base.sty
Package: epstopdf-base 2020-01-24 v2.11 Base part for package epstopdf
Package epstopdf-base Info: Redefining graphics rule for `.eps' on input line 4
85.

(/usr/local/texlive/2020/texmf-dist/tex/latex/latexconfig/epstopdf-sys.cfg
File: epstopdf-sys.cfg 2010/07/13 v1.3 Configuration of (r)epstopdf for TeX Liv
e
))
Package caption Info: Begin \AtBeginDocument code.
Package caption Info: float package is loaded.
Package caption Info: hyperref package is loaded.
Package caption Info: longtable package is loaded.

(/usr/local/texlive/2020/texmf-dist/tex/latex/caption/ltcaption.sty
Package: ltcaption 2018/08/26 v1.4a longtable captions (AR)
)
Package caption Info: End \AtBeginDocument code.

*geometry* driver: auto-detecting
*geometry* detected driver: pdftex
*geometry* verbose mode - [ preamble ] result:
* driver: pdftex
* paper: <default>
* layout: <same size as paper>
* layoutoffset:(h,v)=(0.0pt,0.0pt)
* modes: 
* h-part:(L,W,R)=(72.26999pt, 469.75502pt, 72.26999pt)
* v-part:(T,H,B)=(72.26999pt, 650.43001pt, 72.26999pt)
* \paperwidth=614.295pt
* \paperheight=794.96999pt
* \textwidth=469.75502pt
* \textheight=650.43001pt
* \oddsidemargin=0.0pt
* \evensidemargin=0.0pt
* \topmargin=-37.0pt
* \headheight=12.0pt
* \headsep=25.0pt
* \topskip=11.0pt
* \footskip=30.0pt
* \marginparwidth=59.0pt
* \marginparsep=10.0pt
* \columnsep=10.0pt
* \skip\footins=10.0pt plus 4.0pt minus 2.0pt
* \hoffset=0.0pt
* \voffset=0.0pt
* \mag=1000
* \@twocolumnfalse
* \@twosidefalse
* \@mparswitchfalse
* \@reversemarginfalse
* (1in=72.27pt=25.4mm, 1cm=28.453pt)

(/usr/local/texlive/2020/texmf-dist/tex/latex/greek-fontenc/alphabeta-lgr.def
File: alphabeta-lgr 2014/09/04 0.11.2 Composite definitions for 8-bit TeX
)
   defining Unicode char U+0393 (decimal 915)
   defining Unicode char U+0394 (decimal 916)
   defining Unicode char U+0398 (decimal 920)
   defining Unicode char U+039B (decimal 923)
   defining Unicode char U+039E (decimal 926)
   defining Unicode char U+03A0 (decimal 928)
   defining Unicode char U+03A3 (decimal 931)
   defining Unicode char U+03A5 (decimal 933)
   defining Unicode char U+03A6 (decimal 934)
   defining Unicode char U+03A8 (decimal 936)
   defining Unicode char U+03A9 (decimal 937)
   defining Unicode char U+03B1 (decimal 945)
   defining Unicode char U+03B2 (decimal 946)
   defining Unicode char U+03B3 (decimal 947)
   defining Unicode char U+03B4 (decimal 948)
   defining Unicode char U+03B5 (decimal 949)
   defining Unicode char U+03B6 (decimal 950)
   defining Unicode char U+03B7 (decimal 951)
   defining Unicode char U+03B8 (decimal 952)
   defining Unicode char U+03B9 (decimal 953)
   defining Unicode char U+03BA (decimal 954)
   defining Unicode char U+03BB (decimal 955)
   defining Unicode char U+03BC (decimal 956)
   defining Unicode char U+03BD (decimal 957)
   defining Unicode char U+03BE (decimal 958)
   defining Unicode char U+03C0 (decimal 960)
   defining Unicode char U+03C1 (decimal 961)
   defining Unicode char U+03C2 (decimal 962)
   defining Unicode char U+03C3 (decimal 963)
   defining Unicode char U+03C4 (decimal 964)
   defining Unicode char U+03C5 (decimal 965)
   defining Unicode char U+03C6 (decimal 966)
   defining Unicode char U+03C7 (decimal 967)
   defining Unicode char U+03C8 (decimal 968)
   defining Unicode char U+03C9 (decimal 969)
   defining Unicode char U+03D1 (decimal 977)
   defining Unicode char U+03D5 (decimal 981)
   defining Unicode char U+03D6 (decimal 982)
   defining Unicode char U+03DD (decimal 989)
   defining Unicode char U+03F1 (decimal 1009)
   defining Unicode char U+03F5 (decimal 1013)
\AtBeginShipoutBox=\box85
Package hyperref Info: Link coloring ON on input line 384.

(/usr/local/texlive/2020/texmf-dist/tex/latex/hyperref/nameref.sty
Package: nameref 2019/09/16 v2.46 Cross-referencing by name of section

(/usr/local/texlive/2020/texmf-dist/tex/latex/refcount/refcount.sty
Package: refcount 2019/12/15 v3.6 Data extraction from label references (HO)
)
(/usr/local/texlive/2020/texmf-dist/tex/generic/gettitlestring/gettitlestring.s
ty
Package: gettitlestring 2019/12/15 v1.6 Cleanup title references (HO)
)
\c@section@level=\count313
)
LaTeX Info: Redefining \ref on input line 384.
LaTeX Info: Redefining \pageref on input line 384.
LaTeX Info: Redefining \nameref on input line 384.
 (./TPs.out) (./TPs.out)
\@outlinefile=\write7
\openout7 = `TPs.out'.

LaTeX Font Info:    Trying to load font information for U+msa on input line 386
.

(/usr/local/texlive/2020/texmf-dist/tex/latex/amsfonts/umsa.fd
File: umsa.fd 2013/01/14 v3.01 AMS symbols A
)
LaTeX Font Info:    Trying to load font information for U+msb on input line 386
.

(/usr/local/texlive/2020/texmf-dist/tex/latex/amsfonts/umsb.fd
File: umsb.fd 2013/01/14 v3.01 AMS symbols B
)
LaTeX Font Info:    Trying to load font information for U+rsfs on input line 38
6.

(/usr/local/texlive/2020/texmf-dist/tex/latex/jknapltx/ursfs.fd
File: ursfs.fd 1998/03/24 rsfs font definition file (jk)
)

LaTeX Warning: No \author given.

[1

{/usr/local/texlive/2020/texmf-var/fonts/map/pdftex/updmap/pdftex.map}]
(./TPs.toc [2]
LaTeX Font Info:    Trying to load font information for T1+cmtt on input line 6
4.
 (/usr/local/texlive/2020/texmf-dist/tex/latex/base/t1cmtt.fd
File: t1cmtt.fd 2019/12/16 v2.5j Standard LaTeX font definitions
)
[3]
LaTeX Font Info:    Font shape `T1/cmtt/bx/n' in size <10.95> not available
(Font)              Font shape `T1/cmtt/m/n' tried instead on input line 91.
 [4])
\tf@toc=\write8
\openout8 = `TPs.toc'.

 [5]
LaTeX Font Info:    Trying to load font information for TS1+cmtt on input line 
450.
 (/usr/local/texlive/2020/texmf-dist/tex/latex/base/ts1cmtt.fd
File: ts1cmtt.fd 2019/12/16 v2.5j Standard LaTeX font definitions
)
[6] [7] [8] [9] [10]
Overfull \hbox (582.70198pt too wide) in paragraph at lines 818--818
[]\T1/cmtt/m/n/10.95 Format des Docstrings : Les docstrings sont gnralement e
ncadres par trois guillemets simples (\TS1/cmtt/m/n/10.95 '''\T1/cmtt/m/n/10.9
5 ) ou triples guillemets doubles ("""). Voici un exemple de docstring pour une
 fonction 
 []

[11]
Overfull \hbox (260.17484pt too wide) in paragraph at lines 878--878
[]\T1/cmtt/m/n/10.95 Ils aident les autres dveloppeurs (ou vous-mme)  compre
ndre rapidement comment utiliser une fonction, une classe ou un module. 
 []


Overfull \hbox (367.68388pt too wide) in paragraph at lines 880--880
[]\T1/cmtt/m/n/10.95 Ils sont utiliss par des outils de documentation automati
que tels que Sphinx pour gnrer des documents de rfrence et des pages de doc
umentation.[] 
 []


Overfull \hbox (1335.26532pt too wide) in paragraph at lines 929--929
[]\T1/cmtt/m/n/10.95 Dfinition des Blocs d\TS1/cmtt/m/n/10.95 '\T1/cmtt/m/n/10
.95 Instructions : Un bloc d\TS1/cmtt/m/n/10.95 '\T1/cmtt/m/n/10.95 instruction
s est gnralement dlimit par des symboles spciaux, tels que des accolades {
} en langages comme Python, C, C++, Java, etc., ou par des mots-cls tels que b
egin et end en langage Pascal. Par exemple, en Python, un bloc d\TS1/cmtt/m/n/1
0.95 '\T1/cmtt/m/n/10.95 instructions peut ressembler  ceci : 
 []

[12] [13] [14] [15] [16]
LaTeX Font Info:    Trying to load font information for LGR+cmtt on input line 
1279.

(/usr/local/texlive/2020/texmf-dist/tex/latex/cbfonts-fd/lgrcmtt.fd
File: lgrcmtt.fd 2017/07/29 v1.2 Greek European Computer Typewriter
) [17]
[18] [19] [20]
Overfull \hbox (526.11827pt too wide) in paragraph at lines 1669--1669
[]\T1/cmtt/m/n/10.95 enumerate est une fonction qui prend en entre une squenc
e (comme une liste ou une chane de caractres) et renvoie un objet itrable qu
i produit des paires (indice, lment). 
 []


Overfull \hbox (163.98253pt too wide) in paragraph at lines 1670--1670
[]\T1/cmtt/m/n/10.95 L\TS1/cmtt/m/n/10.95 '\T1/cmtt/m/n/10.95 indice commence g
nralement  0 pour le premier lment de la squence, puis s\TS1/cmtt/m/n/10.
95 '\T1/cmtt/m/n/10.95 incrmente  chaque itration.[] 
 []


Overfull \hbox (243.19972pt too wide) in paragraph at lines 1671--1671
[]\T1/cmtt/m/n/10.95 La fonction enumerate est utile lorsque vous avez besoin 
 la fois de la valeur de l\TS1/cmtt/m/n/10.95 '\T1/cmtt/m/n/10.95 lment et de
 son indice dans une boucle.[] 
 []


Overfull \hbox (175.29927pt too wide) in paragraph at lines 1672--1672
[]\T1/cmtt/m/n/10.95 Elle permet d\TS1/cmtt/m/n/10.95 '\T1/cmtt/m/n/10.95 amli
orer la lisibilit du code en vitant d\TS1/cmtt/m/n/10.95 '\T1/cmtt/m/n/10.95 
utiliser une variable de compteur pour suivre l\TS1/cmtt/m/n/10.95 '\T1/cmtt/m/
n/10.95 indice.[] 
 []

[21]
Overfull \hbox (509.14316pt too wide) in paragraph at lines 1703--1703
[]\T1/cmtt/m/n/10.95 zip prend en entre une ou plusieurs squences de mme lon
gueur et renvoie un objet itrable qui produit des tuples contenant les lment
s correspondants de chaque squence. 
 []


Overfull \hbox (180.95764pt too wide) in paragraph at lines 1704--1704
[]\T1/cmtt/m/n/10.95 Les squences doivent avoir la mme longueur, sinon zip s\
TS1/cmtt/m/n/10.95 '\T1/cmtt/m/n/10.95 arrtera lorsque la squence la plus cou
rte sera puise.[] 
 []


Overfull \hbox (729.81963pt too wide) in paragraph at lines 1705--1705
[]\T1/cmtt/m/n/10.95 La fonction zip est couramment utilise pour regrouper des
 donnes connexes  partir de diffrentes squences, par exemple, lors de la cr
ation d\TS1/cmtt/m/n/10.95 '\T1/cmtt/m/n/10.95 une liste de paires de valeurs 
 partir de deux listes distinctes.[] 
 []


Overfull \hbox (203.59113pt too wide) in paragraph at lines 1706--1706
[]\T1/cmtt/m/n/10.95 Elle permet de simplifier le code en vitant l\TS1/cmtt/m/
n/10.95 '\T1/cmtt/m/n/10.95 utilisation de boucles pour parcourir simultanment
 plusieurs squences.[] 
 []

[22] [23] [24] [25] [26] [27] [28] [29] [30] [31]
Underfull \hbox (badness 1152) in paragraph at lines 2612--2617
[]\T1/cmr/m/n/10.95 Alignement du texte : Vous pou-vez sp-ci-fier l'alignement
 du texte  l'intrieur de
 []

[32]pdfTeX warning (ext4): destination with the same identifier (name{exercice}
) has been already used, duplicate ignored
<to be read again> 
                   \relax 
l.2730 \subsection{Exercice}\label{exercice}}
                                              [33] [34] [35]pdfTeX warning (ext
4): destination with the same identifier (name{exercices}) has been already use
d, duplicate ignored
<to be read again> 
                   \relax 
l.3024 \subsection{Exercices}\label{exercices}}
                                                [36] [37] [38] [39] [40]pdfTeX 
warning (ext4): destination with the same identifier (name{exercices}) has been
 already used, duplicate ignored
<to be read again> 
                   \relax 
l.3357 \subsection{Exercices}\label{exercices}}
                                                [41]
Underfull \hbox (badness 1082) in paragraph at lines 3473--3477
\T1/cmr/m/n/10.95 Pour crer des tableaux NumPy avec des nom-bres ala-toires, 
NumPy pro-pose le mod-ule
 []

[42] [43] [44] [45] [46] [47] [48] [49] [50] [51] [52] [53]pdfTeX warning (ext4
): destination with the same identifier (name{exercices}) has been already used
, duplicate ignored
<to be read again> 
                   \relax 
l.4379 \subsection{Exercices}\label{exercices}}
                                                [54]
<TPs_files/TPs_205_1.png, id=1075, 391.4625pt x 252.945pt>
File: TPs_files/TPs_205_1.png Graphic file (type png)
<use TPs_files/TPs_205_1.png>
Package pdftex.def Info: TPs_files/TPs_205_1.png  used on input line 4480.
(pdftex.def)             Requested size: 391.46153pt x 252.94438pt.
 [55]
Underfull \hbox (badness 10000) in paragraph at lines 4482--4483

 []

<TPs_files/TPs_207_1.png, id=1088, 391.4625pt x 252.945pt>
File: TPs_files/TPs_207_1.png Graphic file (type png)
<use TPs_files/TPs_207_1.png>
Package pdftex.def Info: TPs_files/TPs_207_1.png  used on input line 4515.
(pdftex.def)             Requested size: 391.46153pt x 252.94438pt.
[56 <./TPs_files/TPs_205_1.png>]
Underfull \hbox (badness 10000) in paragraph at lines 4517--4518

 []

<TPs_files/TPs_209_1.png, id=1094, 376.40625pt x 252.945pt>
File: TPs_files/TPs_209_1.png Graphic file (type png)
<use TPs_files/TPs_209_1.png>
Package pdftex.def Info: TPs_files/TPs_209_1.png  used on input line 4549.
(pdftex.def)             Requested size: 376.40532pt x 252.94438pt.
[57 <./TPs_files/TPs_207_1.png>]
Underfull \hbox (badness 10000) in paragraph at lines 4551--4552

 []

<TPs_files/TPs_213_1.png, id=1102, 376.40625pt x 252.945pt>
File: TPs_files/TPs_213_1.png Graphic file (type png)
<use TPs_files/TPs_213_1.png>
Package pdftex.def Info: TPs_files/TPs_213_1.png  used on input line 4594.
(pdftex.def)             Requested size: 376.40532pt x 252.94438pt.
[58 <./TPs_files/TPs_209_1.png>]
Underfull \hbox (badness 10000) in paragraph at lines 4596--4597

 []

<TPs_files/TPs_216_1.png, id=1109, 379.4175pt x 252.945pt>
File: TPs_files/TPs_216_1.png Graphic file (type png)
<use TPs_files/TPs_216_1.png>
Package pdftex.def Info: TPs_files/TPs_216_1.png  used on input line 4630.
(pdftex.def)             Requested size: 379.41656pt x 252.94438pt.
[59 <./TPs_files/TPs_213_1.png>]
Underfull \hbox (badness 10000) in paragraph at lines 4632--4633

 []

<TPs_files/TPs_218_0.png, id=1116, 381.425pt x 252.945pt>
File: TPs_files/TPs_218_0.png Graphic file (type png)
<use TPs_files/TPs_218_0.png>
Package pdftex.def Info: TPs_files/TPs_218_0.png  used on input line 4657.
(pdftex.def)             Requested size: 381.42406pt x 252.94438pt.
[60 <./TPs_files/TPs_216_1.png>]
Underfull \hbox (badness 10000) in paragraph at lines 4659--4660

 []

<TPs_files/TPs_221_1.png, id=1122, 375.4025pt x 252.945pt>
File: TPs_files/TPs_221_1.png Graphic file (type png)
<use TPs_files/TPs_221_1.png>
Package pdftex.def Info: TPs_files/TPs_221_1.png  used on input line 4694.
(pdftex.def)             Requested size: 375.40158pt x 252.94438pt.
[61 <./TPs_files/TPs_218_0.png>]
Underfull \hbox (badness 10000) in paragraph at lines 4696--4697

 []

<TPs_files/TPs_222_1.png, id=1130, 375.4025pt x 252.945pt>
File: TPs_files/TPs_222_1.png Graphic file (type png)
<use TPs_files/TPs_222_1.png>
Package pdftex.def Info: TPs_files/TPs_222_1.png  used on input line 4722.
(pdftex.def)             Requested size: 375.40158pt x 252.94438pt.
[62 <./TPs_files/TPs_221_1.png>]
Underfull \hbox (badness 10000) in paragraph at lines 4724--4725

 []

<TPs_files/TPs_224_1.png, id=1136, 369.38pt x 248.93pt>
File: TPs_files/TPs_224_1.png Graphic file (type png)
<use TPs_files/TPs_224_1.png>
Package pdftex.def Info: TPs_files/TPs_224_1.png  used on input line 4755.
(pdftex.def)             Requested size: 369.37909pt x 248.92938pt.
[63 <./TPs_files/TPs_222_1.png>]
Underfull \hbox (badness 10000) in paragraph at lines 4757--4758

 []

<TPs_files/TPs_226_0.png, id=1143, 371.3875pt x 248.93pt>
File: TPs_files/TPs_226_0.png Graphic file (type png)
<use TPs_files/TPs_226_0.png>
Package pdftex.def Info: TPs_files/TPs_226_0.png  used on input line 4781.
(pdftex.def)             Requested size: 371.38658pt x 248.92938pt.
[64 <./TPs_files/TPs_224_1.png>]
Underfull \hbox (badness 10000) in paragraph at lines 4783--4784

 []

<TPs_files/TPs_228_1.png, id=1149, 1156.32pt x 305.14pt>
File: TPs_files/TPs_228_1.png Graphic file (type png)
<use TPs_files/TPs_228_1.png>
Package pdftex.def Info: TPs_files/TPs_228_1.png  used on input line 4830.
(pdftex.def)             Requested size: 1156.31718pt x 305.13924pt.
[65 <./TPs_files/TPs_226_0.png>]
Underfull \hbox (badness 10000) in paragraph at lines 4832--4833

 []

<TPs_files/TPs_230_1.png, id=1156, 382.42876pt x 248.93pt>
File: TPs_files/TPs_230_1.png Graphic file (type png)
<use TPs_files/TPs_230_1.png>
Package pdftex.def Info: TPs_files/TPs_230_1.png  used on input line 4860.
(pdftex.def)             Requested size: 382.42781pt x 248.92938pt.

Underfull \hbox (badness 10000) in paragraph at lines 4862--4863

 []

[66 <./TPs_files/TPs_228_1.png> <./TPs_files/TPs_230_1.png>]
<TPs_files/TPs_231_1.png, id=1163, 382.42876pt x 248.93pt>
File: TPs_files/TPs_231_1.png Graphic file (type png)
<use TPs_files/TPs_231_1.png>
Package pdftex.def Info: TPs_files/TPs_231_1.png  used on input line 4883.
(pdftex.def)             Requested size: 382.42781pt x 248.92938pt.

Underfull \hbox (badness 10000) in paragraph at lines 4885--4886

 []

<TPs_files/TPs_233_1.png, id=1164, 707.64375pt x 467.7475pt>
File: TPs_files/TPs_233_1.png Graphic file (type png)
<use TPs_files/TPs_233_1.png>
Package pdftex.def Info: TPs_files/TPs_233_1.png  used on input line 4917.
(pdftex.def)             Requested size: 707.64203pt x 467.74634pt.
[67 <./TPs_files/TPs_231_1.png>]
Underfull \hbox (badness 10000) in paragraph at lines 4919--4920

 []

<TPs_files/TPs_236_1.png, id=1171, 251.94125pt x 251.94125pt>
File: TPs_files/TPs_236_1.png Graphic file (type png)
<use TPs_files/TPs_236_1.png>
Package pdftex.def Info: TPs_files/TPs_236_1.png  used on input line 4964.
(pdftex.def)             Requested size: 251.94063pt x 251.94063pt.
[68 <./TPs_files/TPs_233_1.png>]
Underfull \hbox (badness 10000) in paragraph at lines 4966--4967

 []

<TPs_files/TPs_237_1.png, id=1178, 251.94125pt x 251.94125pt>
File: TPs_files/TPs_237_1.png Graphic file (type png)
<use TPs_files/TPs_237_1.png>
Package pdftex.def Info: TPs_files/TPs_237_1.png  used on input line 4985.
(pdftex.def)             Requested size: 251.94063pt x 251.94063pt.

Underfull \hbox (badness 10000) in paragraph at lines 4987--4988

 []

[69 <./TPs_files/TPs_236_1.png> <./TPs_files/TPs_237_1.png>]
<TPs_files/TPs_239_1.png, id=1185, 271.0125pt x 252.945pt>
File: TPs_files/TPs_239_1.png Graphic file (type png)
<use TPs_files/TPs_239_1.png>
Package pdftex.def Info: TPs_files/TPs_239_1.png  used on input line 5013.
(pdftex.def)             Requested size: 271.01183pt x 252.94438pt.

Underfull \hbox (badness 10000) in paragraph at lines 5015--5016

 []

<TPs_files/TPs_240_0.png, id=1186, 382.42876pt x 248.93pt>
File: TPs_files/TPs_240_0.png Graphic file (type png)
<use TPs_files/TPs_240_0.png>
Package pdftex.def Info: TPs_files/TPs_240_0.png  used on input line 5028.
(pdftex.def)             Requested size: 382.42781pt x 248.92938pt.
[70 <./TPs_files/TPs_239_1.png>]
Underfull \hbox (badness 10000) in paragraph at lines 5030--5031

 []

<TPs_files/TPs_241_1.png, id=1193, 376.40625pt x 178.6675pt>
File: TPs_files/TPs_241_1.png Graphic file (type png)
<use TPs_files/TPs_241_1.png>
Package pdftex.def Info: TPs_files/TPs_241_1.png  used on input line 5052.
(pdftex.def)             Requested size: 376.40532pt x 178.66705pt.

Underfull \hbox (badness 10000) in paragraph at lines 5054--5055

 []

[71 <./TPs_files/TPs_240_0.png> <./TPs_files/TPs_241_1.png>]
<TPs_files/TPs_242_1.png, id=1200, 880.28876pt x 268.00125pt>
File: TPs_files/TPs_242_1.png Graphic file (type png)
<use TPs_files/TPs_242_1.png>
Package pdftex.def Info: TPs_files/TPs_242_1.png  used on input line 5079.
(pdftex.def)             Requested size: 880.2866pt x 268.00058pt.

Underfull \hbox (badness 10000) in paragraph at lines 5081--5082

 []

<TPs_files/TPs_244_1.png, id=1201, 271.0125pt x 252.945pt>
File: TPs_files/TPs_244_1.png Graphic file (type png)
<use TPs_files/TPs_244_1.png>
Package pdftex.def Info: TPs_files/TPs_244_1.png  used on input line 5112.
(pdftex.def)             Requested size: 271.01183pt x 252.94438pt.
[72 <./TPs_files/TPs_242_1.png>]
Underfull \hbox (badness 10000) in paragraph at lines 5114--5115

 []

<TPs_files/TPs_246_0.png, id=1207, 396.48125pt x 266.9975pt>
File: TPs_files/TPs_246_0.png Graphic file (type png)
<use TPs_files/TPs_246_0.png>
Package pdftex.def Info: TPs_files/TPs_246_0.png  used on input line 5136.
(pdftex.def)             Requested size: 396.48027pt x 266.99683pt.
[73 <./TPs_files/TPs_244_1.png>]
Underfull \hbox (badness 10000) in paragraph at lines 5138--5139

 []

[74 <./TPs_files/TPs_246_0.png>] [75]
<TPs_files/TPs_252_0.png, id=1231, 373.395pt x 248.93pt>
File: TPs_files/TPs_252_0.png Graphic file (type png)
<use TPs_files/TPs_252_0.png>
Package pdftex.def Info: TPs_files/TPs_252_0.png  used on input line 5276.
(pdftex.def)             Requested size: 373.39409pt x 248.92938pt.

Underfull \hbox (badness 10000) in paragraph at lines 5278--5279

 []

<TPs_files/TPs_253_0.png, id=1232, 373.395pt x 248.93pt>
File: TPs_files/TPs_253_0.png Graphic file (type png)
<use TPs_files/TPs_253_0.png>
Package pdftex.def Info: TPs_files/TPs_253_0.png  used on input line 5289.
(pdftex.def)             Requested size: 373.39409pt x 248.92938pt.

Underfull \hbox (badness 10000) in paragraph at lines 5291--5292

 []

[76 <./TPs_files/TPs_252_0.png> <./TPs_files/TPs_253_0.png>]
<TPs_files/TPs_255_0.png, id=1239, 373.395pt x 248.93pt>
File: TPs_files/TPs_255_0.png Graphic file (type png)
<use TPs_files/TPs_255_0.png>
Package pdftex.def Info: TPs_files/TPs_255_0.png  used on input line 5312.
(pdftex.def)             Requested size: 373.39409pt x 248.92938pt.

Underfull \hbox (badness 10000) in paragraph at lines 5314--5315

 []

<TPs_files/TPs_256_0.png, id=1240, 401.5pt x 279.0425pt>
File: TPs_files/TPs_256_0.png Graphic file (type png)
<use TPs_files/TPs_256_0.png>
Package pdftex.def Info: TPs_files/TPs_256_0.png  used on input line 5336.
(pdftex.def)             Requested size: 401.49901pt x 279.04181pt.
[77 <./TPs_files/TPs_255_0.png>]
Underfull \hbox (badness 10000) in paragraph at lines 5338--5339

 []

<TPs_files/TPs_258_1.png, id=1247, 363.3575pt x 248.93pt>
File: TPs_files/TPs_258_1.png Graphic file (type png)
<use TPs_files/TPs_258_1.png>
Package pdftex.def Info: TPs_files/TPs_258_1.png  used on input line 5364.
(pdftex.def)             Requested size: 363.3566pt x 248.92938pt.
[78 <./TPs_files/TPs_256_0.png>]
Underfull \hbox (badness 10000) in paragraph at lines 5366--5367

 []

<TPs_files/TPs_260_0.png, id=1254, 373.395pt x 248.93pt>
File: TPs_files/TPs_260_0.png Graphic file (type png)
<use TPs_files/TPs_260_0.png>
Package pdftex.def Info: TPs_files/TPs_260_0.png  used on input line 5383.
(pdftex.def)             Requested size: 373.39409pt x 248.92938pt.

Underfull \hbox (badness 10000) in paragraph at lines 5385--5386

 []

[79 <./TPs_files/TPs_258_1.png> <./TPs_files/TPs_260_0.png>] [80]
<TPs_files/TPs_270_1.png, id=1272, 877.2775pt x 306.14375pt>
File: TPs_files/TPs_270_1.png Graphic file (type png)
<use TPs_files/TPs_270_1.png>
Package pdftex.def Info: TPs_files/TPs_270_1.png  used on input line 5492.
(pdftex.def)             Requested size: 877.27536pt x 306.14299pt.

Underfull \hbox (badness 10000) in paragraph at lines 5494--5495

 []

<TPs_files/TPs_271_0.png, id=1273, 700.6175pt x 485.815pt>
File: TPs_files/TPs_271_0.png Graphic file (type png)
<use TPs_files/TPs_271_0.png>
Package pdftex.def Info: TPs_files/TPs_271_0.png  used on input line 5512.
(pdftex.def)             Requested size: 700.61578pt x 485.81381pt.
[81 <./TPs_files/TPs_270_1.png>]
Underfull \hbox (badness 10000) in paragraph at lines 5514--5515

 []

<TPs_files/TPs_272_0.png, id=1279, 709.65125pt x 485.815pt>
File: TPs_files/TPs_272_0.png Graphic file (type png)
<use TPs_files/TPs_272_0.png>
Package pdftex.def Info: TPs_files/TPs_272_0.png  used on input line 5533.
(pdftex.def)             Requested size: 709.6495pt x 485.81381pt.
[82 <./TPs_files/TPs_271_0.png>]
Underfull \hbox (badness 10000) in paragraph at lines 5535--5536

 []

<TPs_files/TPs_275_1.png, id=1285, 350.30875pt x 231.86626pt>
File: TPs_files/TPs_275_1.png Graphic file (type png)
<use TPs_files/TPs_275_1.png>
Package pdftex.def Info: TPs_files/TPs_275_1.png  used on input line 5563.
(pdftex.def)             Requested size: 350.30789pt x 231.86568pt.
[83 <./TPs_files/TPs_272_0.png>]
Underfull \hbox (badness 10000) in paragraph at lines 5565--5566

 []

<TPs_files/TPs_276_0.png, id=1292, 249.93375pt x 242.9075pt>
File: TPs_files/TPs_276_0.png Graphic file (type png)
<use TPs_files/TPs_276_0.png>
Package pdftex.def Info: TPs_files/TPs_276_0.png  used on input line 5584.
(pdftex.def)             Requested size: 249.93314pt x 242.90689pt.
[84 <./TPs_files/TPs_275_1.png>]
Underfull \hbox (badness 10000) in paragraph at lines 5586--5587

 []

<TPs_files/TPs_278_1.png, id=1298, 369.38pt x 248.93pt>
File: TPs_files/TPs_278_1.png Graphic file (type png)
<use TPs_files/TPs_278_1.png>
Package pdftex.def Info: TPs_files/TPs_278_1.png  used on input line 5613.
(pdftex.def)             Requested size: 369.37909pt x 248.92938pt.
[85 <./TPs_files/TPs_276_0.png>]
Underfull \hbox (badness 10000) in paragraph at lines 5615--5616

 []

<TPs_files/TPs_279_0.png, id=1306, 712.6625pt x 483.8075pt>
File: TPs_files/TPs_279_0.png Graphic file (type png)
<use TPs_files/TPs_279_0.png>
Package pdftex.def Info: TPs_files/TPs_279_0.png  used on input line 5640.
(pdftex.def)             Requested size: 712.66077pt x 483.80632pt.
[86 <./TPs_files/TPs_278_1.png>]
Underfull \hbox (badness 10000) in paragraph at lines 5642--5643

 []

<TPs_files/TPs_280_1.png, id=1312, 367.3725pt x 268.00125pt>
File: TPs_files/TPs_280_1.png Graphic file (type png)
<use TPs_files/TPs_280_1.png>
Package pdftex.def Info: TPs_files/TPs_280_1.png  used on input line 5664.
(pdftex.def)             Requested size: 367.37158pt x 268.00058pt.
[87 <./TPs_files/TPs_279_0.png>]
Underfull \hbox (badness 10000) in paragraph at lines 5666--5667

 []

<TPs_files/TPs_282_1.png, id=1318, 366.36874pt x 252.945pt>
File: TPs_files/TPs_282_1.png Graphic file (type png)
<use TPs_files/TPs_282_1.png>
Package pdftex.def Info: TPs_files/TPs_282_1.png  used on input line 5693.
(pdftex.def)             Requested size: 366.36784pt x 252.94438pt.
[88 <./TPs_files/TPs_280_1.png>]
Underfull \hbox (badness 10000) in paragraph at lines 5695--5696

 []

<TPs_files/TPs_283_1.png, id=1325, 361.35pt x 252.945pt>
File: TPs_files/TPs_283_1.png Graphic file (type png)
<use TPs_files/TPs_283_1.png>
Package pdftex.def Info: TPs_files/TPs_283_1.png  used on input line 5713.
(pdftex.def)             Requested size: 361.34912pt x 252.94438pt.

Underfull \hbox (badness 10000) in paragraph at lines 5715--5716

 []

[89 <./TPs_files/TPs_282_1.png> <./TPs_files/TPs_283_1.png>]
<TPs_files/TPs_285_1.png, id=1333, 698.61pt x 210.7875pt>
File: TPs_files/TPs_285_1.png Graphic file (type png)
<use TPs_files/TPs_285_1.png>
Package pdftex.def Info: TPs_files/TPs_285_1.png  used on input line 5763.
(pdftex.def)             Requested size: 698.60829pt x 210.78699pt.

Underfull \hbox (badness 10000) in paragraph at lines 5765--5766

 []

pdfTeX warning (ext4): destination with the same identifier (name{exercice}) ha
s been already used, duplicate ignored
<to be read again> 
                   \relax 
l.5768 \subsection{Exercice}\label{exercice}}
                                              [90 <./TPs_files/TPs_285_1.png>]
<TPs_files/TPs_287_0.png, id=1339, 704.6325pt x 252.945pt>
File: TPs_files/TPs_287_0.png Graphic file (type png)
<use TPs_files/TPs_287_0.png>
Package pdftex.def Info: TPs_files/TPs_287_0.png  used on input line 5798.
(pdftex.def)             Requested size: 704.6308pt x 252.94438pt.

Underfull \hbox (badness 10000) in paragraph at lines 5800--5801

 []

[91 <./TPs_files/TPs_287_0.png>] [92] [93] [94]
<TPs_files/TPs_302_1.png, id=1369, 376.40625pt x 248.93pt>
File: TPs_files/TPs_302_1.png Graphic file (type png)
<use TPs_files/TPs_302_1.png>
Package pdftex.def Info: TPs_files/TPs_302_1.png  used on input line 6112.
(pdftex.def)             Requested size: 376.40532pt x 248.92938pt.

Underfull \hbox (badness 10000) in paragraph at lines 6114--6115

 []

[95 <./TPs_files/TPs_302_1.png>]
<TPs_files/TPs_308_1.png, id=1376, 376.40625pt x 245.91875pt>
File: TPs_files/TPs_308_1.png Graphic file (type png)
<use TPs_files/TPs_308_1.png>
Package pdftex.def Info: TPs_files/TPs_308_1.png  used on input line 6197.
(pdftex.def)             Requested size: 376.40532pt x 245.91814pt.
 [96]
Underfull \hbox (badness 10000) in paragraph at lines 6199--6200

 []

[97 <./TPs_files/TPs_308_1.png>] [98] [99] [100] [101] [102]
<TPs_files/TPs_340_1.png, id=1413, 804.00375pt x 711.65875pt>
File: TPs_files/TPs_340_1.png Graphic file (type png)
<use TPs_files/TPs_340_1.png>
Package pdftex.def Info: TPs_files/TPs_340_1.png  used on input line 6695.
(pdftex.def)             Requested size: 804.0018pt x 711.65701pt.

Underfull \hbox (badness 10000) in paragraph at lines 6697--6698

 []

<TPs_files/TPs_341_1.png, id=1414, 804.00375pt x 711.65875pt>
File: TPs_files/TPs_341_1.png Graphic file (type png)
<use TPs_files/TPs_341_1.png>
Package pdftex.def Info: TPs_files/TPs_341_1.png  used on input line 6714.
(pdftex.def)             Requested size: 804.0018pt x 711.65701pt.
[103 <./TPs_files/TPs_340_1.png>]
Underfull \hbox (badness 10000) in paragraph at lines 6716--6717

 []

[104 <./TPs_files/TPs_341_1.png>]
<TPs_files/TPs_344_1.png, id=1427, 441.65pt x 370.38374pt>
File: TPs_files/TPs_344_1.png Graphic file (type png)
<use TPs_files/TPs_344_1.png>
Package pdftex.def Info: TPs_files/TPs_344_1.png  used on input line 6767.
(pdftex.def)             Requested size: 441.64891pt x 370.38283pt.

Underfull \hbox (badness 10000) in paragraph at lines 6769--6770

 []

<TPs_files/TPs_345_1.png, id=1428, 386.44376pt x 265.99374pt>
File: TPs_files/TPs_345_1.png Graphic file (type png)
<use TPs_files/TPs_345_1.png>
Package pdftex.def Info: TPs_files/TPs_345_1.png  used on input line 6786.
(pdftex.def)             Requested size: 386.44281pt x 265.99309pt.
[105 <./TPs_files/TPs_344_1.png>]
Underfull \hbox (badness 10000) in paragraph at lines 6788--6789

 []

<TPs_files/TPs_346_1.png, id=1434, 395.4775pt x 265.99374pt>
File: TPs_files/TPs_346_1.png Graphic file (type png)
<use TPs_files/TPs_346_1.png>
Package pdftex.def Info: TPs_files/TPs_346_1.png  used on input line 6805.
(pdftex.def)             Requested size: 395.47653pt x 265.99309pt.

Underfull \hbox (badness 10000) in paragraph at lines 6807--6808

 []

[106 <./TPs_files/TPs_345_1.png> <./TPs_files/TPs_346_1.png>]
<TPs_files/TPs_347_0.png, id=1441, 438.63875pt x 363.3575pt>
File: TPs_files/TPs_347_0.png Graphic file (type png)
<use TPs_files/TPs_347_0.png>
Package pdftex.def Info: TPs_files/TPs_347_0.png  used on input line 6819.
(pdftex.def)             Requested size: 438.63766pt x 363.3566pt.

Underfull \hbox (badness 10000) in paragraph at lines 6821--6822

 []

<TPs_files/TPs_348_1.png, id=1442, 1846.9pt x 481.8pt>
File: TPs_files/TPs_348_1.png Graphic file (type png)
<use TPs_files/TPs_348_1.png>
Package pdftex.def Info: TPs_files/TPs_348_1.png  used on input line 6839.
(pdftex.def)             Requested size: 1846.89551pt x 481.79881pt.

Underfull \hbox (badness 10000) in paragraph at lines 6841--6842

 []

[107 <./TPs_files/TPs_347_0.png> <./TPs_files/TPs_348_1.png>]
<TPs_files/TPs_350_2.png, id=1449, 399.4925pt x 262.9825pt>
File: TPs_files/TPs_350_2.png Graphic file (type png)
<use TPs_files/TPs_350_2.png>
Package pdftex.def Info: TPs_files/TPs_350_2.png  used on input line 6871.
(pdftex.def)             Requested size: 399.49152pt x 262.98184pt.

Underfull \hbox (badness 10000) in paragraph at lines 6873--6874

 []

[108 <./TPs_files/TPs_350_2.png>]
<TPs_files/TPs_351_2.png, id=1456, 428.60126pt x 425.59pt>
File: TPs_files/TPs_351_2.png Graphic file (type png)
<use TPs_files/TPs_351_2.png>
Package pdftex.def Info: TPs_files/TPs_351_2.png  used on input line 6899.
(pdftex.def)             Requested size: 428.6002pt x 425.58894pt.

Underfull \hbox (badness 10000) in paragraph at lines 6901--6902

 []

<TPs_files/TPs_352_1.png, id=1457, 392.46625pt x 252.945pt>
File: TPs_files/TPs_352_1.png Graphic file (type png)
<use TPs_files/TPs_352_1.png>
Package pdftex.def Info: TPs_files/TPs_352_1.png  used on input line 6918.
(pdftex.def)             Requested size: 392.46527pt x 252.94438pt.
[109 <./TPs_files/TPs_351_2.png>]
Underfull \hbox (badness 10000) in paragraph at lines 6920--6921

 []

[110 <./TPs_files/TPs_352_1.png>] [111] [112] [113]pdfTeX warning (ext4): desti
nation with the same identifier (name{exercices}) has been already used, duplic
ate ignored
<to be read again> 
                   \relax 
l.7284 \section{Exercices}\label{exercices}}
                                             [114] [115] [116] [117] [118]
[119] [120] [121] [122]
Package atveryend Info: Empty hook `BeforeClearDocument' on input line 7834.
Package atveryend Info: Empty hook `AfterLastShipout' on input line 7834.
 (./TPs.aux)
Package atveryend Info: Executing hook `AtVeryEndDocument' on input line 7834.
Package atveryend Info: Executing hook `AtEndAfterFileList' on input line 7834.

Package rerunfilecheck Info: File `TPs.out' has not changed.
(rerunfilecheck)             Checksum: A8F68E2F1CE96738A88C122022A01B28;11075.


LaTeX Warning: There were multiply-defined labels.

 ) 
Here is how much of TeX's memory you used:
 23557 strings out of 480608
 430454 string characters out of 5903631
 802481 words of memory out of 5000000
 38458 multiletter control sequences out of 15000+600000
 549708 words of font info for 73 fonts, out of 8000000 for 9000
 1141 hyphenation exceptions out of 8191
 59i,7n,75p,882b,629s stack positions out of 5000i,500n,10000p,200000b,80000s
{/usr/local/texlive/2020/texmf-dist/fonts/enc/dvips/cm-super/cm-super-t1.enc}
{/usr/local/texlive/2020/texmf-dist/fonts/enc/dvips/cm-super/cm-super-ts1.enc}<
/usr/local/texlive/2020/texmf-dist/fonts/type1/public/amsfonts/cm/cmmi10.pfb></
usr/local/texlive/2020/texmf-dist/fonts/type1/public/amsfonts/cm/cmmi6.pfb></us
r/local/texlive/2020/texmf-dist/fonts/type1/public/amsfonts/cm/cmmi8.pfb></usr/
local/texlive/2020/texmf-dist/fonts/type1/public/amsfonts/cm/cmr10.pfb></usr/lo
cal/texlive/2020/texmf-dist/fonts/type1/public/amsfonts/cm/cmr8.pfb></usr/local
/texlive/2020/texmf-dist/fonts/type1/public/amsfonts/cm/cmsy10.pfb></usr/local/
texlive/2020/texmf-dist/fonts/type1/public/amsfonts/cm/cmsy6.pfb></usr/local/te
xlive/2020/texmf-dist/fonts/type1/public/amsfonts/cm/cmsy8.pfb></usr/local/texl
ive/2020/texmf-dist/fonts/type1/public/cbfonts/grmn1095.pfb></usr/local/texlive
/2020/texmf-dist/fonts/type1/public/cbfonts/gttn1095.pfb></usr/local/texlive/20
20/texmf-dist/fonts/type1/public/cm-super/sfbx1095.pfb></usr/local/texlive/2020
/texmf-dist/fonts/type1/public/cm-super/sfbx1200.pfb></usr/local/texlive/2020/t
exmf-dist/fonts/type1/public/cm-super/sfbx1440.pfb></usr/local/texlive/2020/tex
mf-dist/fonts/type1/public/cm-super/sfit1095.pfb></usr/local/texlive/2020/texmf
-dist/fonts/type1/public/cm-super/sfrm1095.pfb></usr/local/texlive/2020/texmf-d
ist/fonts/type1/public/cm-super/sfrm1200.pfb></usr/local/texlive/2020/texmf-dis
t/fonts/type1/public/cm-super/sfrm1728.pfb></usr/local/texlive/2020/texmf-dist/
fonts/type1/public/cm-super/sfti1095.pfb></usr/local/texlive/2020/texmf-dist/fo
nts/type1/public/cm-super/sftt1095.pfb>
Output written on TPs.pdf (122 pages, 2138754 bytes).
PDF statistics:
 1728 PDF objects out of 1728 (max. 8388607)
 1466 compressed objects within 15 object streams
 468 named destinations out of 1000 (max. 500000)
 1393 words of extra memory for PDF output out of 10000 (max. 10000000)

