\BOOKMARK [1][-]{section.1}{TP 1: Variables, Fonctions et Structure de control}{}% 1
\BOOKMARK [2][-]{subsection.1.1}{Variables et Operations}{section.1}% 2
\BOOKMARK [3][-]{subsubsection.1.1.1}{Op\351rations Arithm\351tiques en Python}{subsection.1.1}% 3
\BOOKMARK [3][-]{subsubsection.1.1.2}{Op\351rations de Comparaison en Python}{subsection.1.1}% 4
\BOOKMARK [3][-]{subsubsection.1.1.3}{Op\351rations Logiques en Python}{subsection.1.1}% 5
\BOOKMARK [2][-]{subsection.1.2}{Fonctions}{section.1}% 6
\BOOKMARK [3][-]{subsubsection.1.2.1}{Les Fonctions Lambda en Python}{subsection.1.2}% 7
\BOOKMARK [3][-]{subsubsection.1.2.2}{Fonction en Python}{subsection.1.2}% 8
\BOOKMARK [2][-]{subsection.1.3}{Structures de Contr\364le en Programmation}{section.1}% 9
\BOOKMARK [3][-]{subsubsection.1.3.1}{Les Blocks d'instructions}{subsection.1.3}% 10
\BOOKMARK [3][-]{subsubsection.1.3.2}{Les instructions conditionnelles :}{subsection.1.3}% 11
\BOOKMARK [3][-]{subsubsection.1.3.3}{2. Les instructions it\351ratives For, while}{subsection.1.3}% 12
\BOOKMARK [3][-]{subsubsection.1.3.4}{2. Boucle While}{subsection.1.3}% 13
\BOOKMARK [2][-]{subsection.1.4}{Exercices}{section.1}% 14
\BOOKMARK [3][-]{subsubsection.1.4.1}{Exercices Partie 1}{subsection.1.4}% 15
\BOOKMARK [3][-]{subsubsection.1.4.2}{Exercices Partie 2}{subsection.1.4}% 16
\BOOKMARK [1][-]{section.2}{TP 2: Structure de donn\351es}{}% 17
\BOOKMARK [2][-]{subsection.2.1}{Listes et Tuples}{section.2}% 18
\BOOKMARK [3][-]{subsubsection.2.1.1}{Cr\351ation de Listes et de Tuples}{subsection.2.1}% 19
\BOOKMARK [3][-]{subsubsection.2.1.2}{Indexing et Slicing}{subsection.2.1}% 20
\BOOKMARK [3][-]{subsubsection.2.1.3}{Actions utiles sur les listes}{subsection.2.1}% 21
\BOOKMARK [3][-]{subsubsection.2.1.4}{enumerate en Python :}{subsection.2.1}% 22
\BOOKMARK [3][-]{subsubsection.2.1.5}{zip en Python :}{subsection.2.1}% 23
\BOOKMARK [2][-]{subsection.2.2}{Dictionnaires}{section.2}% 24
\BOOKMARK [2][-]{subsection.2.3}{Les ensembles \(Sets\)}{section.2}% 25
\BOOKMARK [2][-]{subsection.2.4}{Exercice}{section.2}% 26
\BOOKMARK [1][-]{section.3}{TP 3: List Comprehension et fonctions int\351gr\351es}{}% 27
\BOOKMARK [2][-]{subsection.3.1}{List Comprehension}{section.3}% 28
\BOOKMARK [2][-]{subsection.3.2}{Built-in Functions}{section.3}% 29
\BOOKMARK [3][-]{subsubsection.3.2.1}{Fonction de bases}{subsection.3.2}% 30
\BOOKMARK [3][-]{subsubsection.3.2.2}{Fonction de conversion}{subsection.3.2}% 31
\BOOKMARK [3][-]{subsubsection.3.2.3}{La fonction input\(\)}{subsection.3.2}% 32
\BOOKMARK [3][-]{subsubsection.3.2.4}{La fonction format\(\)}{subsection.3.2}% 33
\BOOKMARK [3][-]{subsubsection.3.2.5}{La fonction open\(\)}{subsection.3.2}% 34
\BOOKMARK [2][-]{subsection.3.3}{Exercice}{section.3}% 35
\BOOKMARK [1][-]{section.4}{TP 4: Modules de Bases}{}% 36
\BOOKMARK [2][-]{subsection.4.1}{Modules math et statistics}{section.4}% 37
\BOOKMARK [2][-]{subsection.4.2}{Module Random}{section.4}% 38
\BOOKMARK [2][-]{subsection.4.3}{Modules OS et Glob}{section.4}% 39
\BOOKMARK [3][-]{subsubsection.4.3.1}{Le module os :}{subsection.4.3}% 40
\BOOKMARK [3][-]{subsubsection.4.3.2}{Le module glob :}{subsection.4.3}% 41
\BOOKMARK [2][-]{subsection.4.4}{Cr\351er notre propre module}{section.4}% 42
\BOOKMARK [2][-]{subsection.4.5}{Exercices}{section.4}% 43
\BOOKMARK [1][-]{section.5}{TP 5: Programmation Orient\351e Objet}{}% 44
\BOOKMARK [2][-]{subsection.5.1}{Avantages de la POO en Python}{section.5}% 45
\BOOKMARK [2][-]{subsection.5.2}{Objets et Classes}{section.5}% 46
\BOOKMARK [2][-]{subsection.5.3}{Attributs et M\351thodes}{section.5}% 47
\BOOKMARK [2][-]{subsection.5.4}{Encapsulation}{section.5}% 48
\BOOKMARK [2][-]{subsection.5.5}{D\351finition d'une Classe}{section.5}% 49
\BOOKMARK [3][-]{subsubsection.5.5.1}{Constructeurs et Destructeurs}{subsection.5.5}% 50
\BOOKMARK [3][-]{subsubsection.5.5.2}{Variables de Classe vs Variables d'Instance}{subsection.5.5}% 51
\BOOKMARK [2][-]{subsection.5.6}{Exercices}{section.5}% 52
\BOOKMARK [1][-]{section.6}{TP 6: Numpy}{}% 53
\BOOKMARK [2][-]{subsection.6.1}{G\351n\351rateurs de tableaux ndarray}{section.6}% 54
\BOOKMARK [3][-]{subsubsection.6.1.1}{Cr\351ation de Tableaux NumPy avec des Valeurs Initiales}{subsection.6.1}% 55
\BOOKMARK [3][-]{subsubsection.6.1.2}{Cr\351ation de S\351quences Num\351riques}{subsection.6.1}% 56
\BOOKMARK [3][-]{subsubsection.6.1.3}{G\351n\351ration de Nombres Al\351atoires}{subsection.6.1}% 57
\BOOKMARK [2][-]{subsection.6.2}{Attributs importants}{section.6}% 58
\BOOKMARK [2][-]{subsection.6.3}{M\351thodes importantes}{section.6}% 59
\BOOKMARK [3][-]{subsubsection.6.3.1}{reshape\(\) : Redimensionner un Tableau}{subsection.6.3}% 60
\BOOKMARK [3][-]{subsubsection.6.3.2}{ravel\(\) : Aplatir un Tableau}{subsection.6.3}% 61
\BOOKMARK [3][-]{subsubsection.6.3.3}{squeeze\(\) : Supprimer les Dimensions Unitaires}{subsection.6.3}% 62
\BOOKMARK [3][-]{subsubsection.6.3.4}{concatenate\(\) : Assembler des Tableaux}{subsection.6.3}% 63
\BOOKMARK [3][-]{subsubsection.6.3.5}{concatenate\(\)}{subsection.6.3}% 64
\BOOKMARK [3][-]{subsubsection.6.3.6}{vstack\(\)}{subsection.6.3}% 65
\BOOKMARK [3][-]{subsubsection.6.3.7}{hstack\(\)}{subsection.6.3}% 66
\BOOKMARK [2][-]{subsection.6.4}{Slicing et Indexing}{section.6}% 67
\BOOKMARK [3][-]{subsubsection.6.4.1}{Indexing \(Indexation\)}{subsection.6.4}% 68
\BOOKMARK [3][-]{subsubsection.6.4.2}{Slicing \(D\351coupage\)}{subsection.6.4}% 69
\BOOKMARK [2][-]{subsection.6.5}{Boolean Indexing}{section.6}% 70
\BOOKMARK [3][-]{subsubsection.6.5.1}{Cr\351ation d'un Tableau Bool\351en}{subsection.6.5}% 71
\BOOKMARK [3][-]{subsubsection.6.5.2}{Indexation \340 l'aide du Tableau Bool\351en}{subsection.6.5}% 72
\BOOKMARK [2][-]{subsection.6.6}{Numpy : Math\351matiques}{section.6}% 73
\BOOKMARK [3][-]{subsubsection.6.6.1}{M\351thodes de bases \(les plus utiles\) de la classe ndarray}{subsection.6.6}% 74
\BOOKMARK [3][-]{subsubsection.6.6.2}{Numpy Statistics}{subsection.6.6}% 75
\BOOKMARK [3][-]{subsubsection.6.6.3}{Algebre Lin\351aire}{subsection.6.6}% 76
\BOOKMARK [3][-]{subsubsection.6.6.4}{Fonctions math\351matiques}{subsection.6.6}% 77
\BOOKMARK [2][-]{subsection.6.7}{Exercices}{section.6}% 78
\BOOKMARK [1][-]{section.7}{TP 7: Scipy}{}% 79
\BOOKMARK [2][-]{subsection.7.1}{Interpolation}{section.7}% 80
\BOOKMARK [2][-]{subsection.7.2}{Optimisation}{section.7}% 81
\BOOKMARK [3][-]{subsubsection.7.2.1}{curve\137fit}{subsection.7.2}% 82
\BOOKMARK [3][-]{subsubsection.7.2.2}{Minimisation 1D}{subsection.7.2}% 83
\BOOKMARK [3][-]{subsubsection.7.2.3}{Minimisation 2D}{subsection.7.2}% 84
\BOOKMARK [2][-]{subsection.7.3}{Traitement du signal}{section.7}% 85
\BOOKMARK [2][-]{subsection.7.4}{Transformation de Fourier \(FFT\)}{section.7}% 86
\BOOKMARK [2][-]{subsection.7.5}{Traitement d'image}{section.7}% 87
\BOOKMARK [2][-]{subsection.7.6}{Application \(cas r\351el\)}{section.7}% 88
\BOOKMARK [1][-]{section.8}{TP 8: Matplotlib}{}% 89
\BOOKMARK [2][-]{subsection.8.1}{Cycle de Vie pour la Cr\351ation de Figures avec Matplotlib}{section.8}% 90
\BOOKMARK [3][-]{subsubsection.8.1.1}{Cr\351ation de la Figure avec plt.figure\(\) et figsize}{subsection.8.1}% 91
\BOOKMARK [3][-]{subsubsection.8.1.2}{Cr\351ation du Graphique avec plt.plot\(\)}{subsection.8.1}% 92
\BOOKMARK [3][-]{subsubsection.8.1.3}{Ajout d'Extras \(Titres, Axes, L\351gendes\)}{subsection.8.1}% 93
\BOOKMARK [3][-]{subsubsection.8.1.4}{Affichage de la Figure avec plt.show\(\)}{subsection.8.1}% 94
\BOOKMARK [2][-]{subsection.8.2}{Pyplot}{section.8}% 95
\BOOKMARK [3][-]{subsubsection.8.2.1}{Graphiques simples}{subsection.8.2}% 96
\BOOKMARK [3][-]{subsubsection.8.2.2}{Styles Graphiques}{subsection.8.2}% 97
\BOOKMARK [3][-]{subsubsection.8.2.3}{Subplots}{subsection.8.2}% 98
\BOOKMARK [3][-]{subsubsection.8.2.4}{M\351thode orient\351e objet}{subsection.8.2}% 99
\BOOKMARK [2][-]{subsection.8.3}{Matplotlib Graphiques importants}{section.8}% 100
\BOOKMARK [3][-]{subsubsection.8.3.1}{Graphique de Classification \(Scatter\(\)\)}{subsection.8.3}% 101
\BOOKMARK [3][-]{subsubsection.8.3.2}{Graphiques 3D}{subsection.8.3}% 102
\BOOKMARK [3][-]{subsubsection.8.3.3}{Histogrammes}{subsection.8.3}% 103
\BOOKMARK [3][-]{subsubsection.8.3.4}{Graphiques ContourPlot\(\)}{subsection.8.3}% 104
\BOOKMARK [3][-]{subsubsection.8.3.5}{Imshow\(\)}{subsection.8.3}% 105
\BOOKMARK [2][-]{subsection.8.4}{Exercice}{section.8}% 106
\BOOKMARK [1][-]{section.9}{TP 9: Pandas et Seaborn}{}% 107
\BOOKMARK [2][-]{subsection.9.1}{Pandas}{section.9}% 108
\BOOKMARK [3][-]{subsubsection.9.1.1}{DataFrame Pandas}{subsection.9.1}% 109
\BOOKMARK [3][-]{subsubsection.9.1.2}{Charger vos donn\351es dans un}{subsection.9.1}% 110
\BOOKMARK [3][-]{subsubsection.9.1.3}{M\351thodes de Manipulation de Donn\351es avec Pandas}{subsection.9.1}% 111
\BOOKMARK [3][-]{subsubsection.9.1.4}{Nettoyer des Datasets}{subsection.9.1}% 112
\BOOKMARK [3][-]{subsubsection.9.1.5}{Statistics avec Groupby\(\) et value\137counts\(\)}{subsection.9.1}% 113
\BOOKMARK [3][-]{subsubsection.9.1.6}{Operation sur les serie}{subsection.9.1}% 114
\BOOKMARK [3][-]{subsubsection.9.1.7}{M\351thodes loc et iloc}{subsection.9.1}% 115
\BOOKMARK [3][-]{subsubsection.9.1.8}{Codefication des donnees}{subsection.9.1}% 116
\BOOKMARK [2][-]{subsection.9.2}{Seaborn}{section.9}% 117
\BOOKMARK [3][-]{subsubsection.9.2.1}{La vue d'ensemble Pairplot\(\)}{subsection.9.2}% 118
\BOOKMARK [3][-]{subsubsection.9.2.2}{Visualiser de cat\351gories}{subsection.9.2}% 119
\BOOKMARK [3][-]{subsubsection.9.2.3}{Visualisation de Distributions}{subsection.9.2}% 120
\BOOKMARK [1][-]{section.10}{TP 10: Expressions r\351guli\350re}{}% 121
\BOOKMARK [2][-]{subsection.10.1}{Syntaxe des expressions r\351guli\350res}{section.10}% 122
\BOOKMARK [2][-]{subsection.10.2}{Utilisation des expressions r\351guli\350res sous Python}{section.10}% 123
\BOOKMARK [3][-]{subsubsection.10.2.1}{Recherche}{subsection.10.2}% 124
\BOOKMARK [3][-]{subsubsection.10.2.2}{Recherche / remplacement}{subsection.10.2}% 125
\BOOKMARK [3][-]{subsubsection.10.2.3}{Recherche / remplacement avec utilisation de fonction}{subsection.10.2}% 126
\BOOKMARK [1][-]{section.11}{Exercices}{}% 127
\BOOKMARK [2][-]{subsection.11.1}{EXO 1 :}{section.11}% 128
\BOOKMARK [2][-]{subsection.11.2}{EXO2 :}{section.11}% 129
\BOOKMARK [2][-]{subsection.11.3}{EXO 3}{section.11}% 130
\BOOKMARK [2][-]{subsection.11.4}{EXO 4}{section.11}% 131
\BOOKMARK [2][-]{subsection.11.5}{EXO 5}{section.11}% 132
\BOOKMARK [1][-]{section.12}{TP 11 : Cryptographie}{}% 133
\BOOKMARK [2][-]{subsection.12.1}{Fonction de Hachage}{section.12}% 134
\BOOKMARK [2][-]{subsection.12.2}{Chiffrement avec AES}{section.12}% 135
\BOOKMARK [3][-]{subsubsection.12.2.1}{Important:}{subsection.12.2}% 136
\BOOKMARK [3][-]{subsubsection.12.2.2}{Travail demand\351}{subsection.12.2}% 137
\BOOKMARK [2][-]{subsection.12.3}{Chiffrement avec RSA}{section.12}% 138
\BOOKMARK [3][-]{subsubsection.12.3.1}{G\351n\351ration de cle RSA}{subsection.12.3}% 139
\BOOKMARK [3][-]{subsubsection.12.3.2}{Chiffrement et d\351chiffrement avec RSA}{subsection.12.3}% 140
